2016-07-21 16:01:08.673|a [main] com.woting.push.ServerListener
2016-07-21 16:01:08.673|b [main] -- 启动Push服务=======================
2016-07-21 16:01:09.605|a [main] com.woting.push.ServerListener
2016-07-21 16:01:09.605|b [main] -- 一、环境加载
2016-07-21 16:01:10.190|a [main] com.woting.push.ServerListener
2016-07-21 16:01:10.190|b [main] -- 加载运行目录，用时[5905]毫秒
2016-07-21 16:01:14.859|a [main] com.woting.push.ServerListener
2016-07-21 16:01:14.859|b [main] -- 启动服务出现异常：
java.io.FileNotFoundException: File 'D:\workIDE\projects\pushcenter\target\conf\config.jconf' does not exist
	at org.apache.commons.io.FileUtils.openInputStream(FileUtils.java:299)
	at org.apache.commons.io.FileUtils.readFileToString(FileUtils.java:1711)
	at org.apache.commons.io.FileUtils.readFileToString(FileUtils.java:1734)
	at com.woting.jsonconfig.JsonConfig.loader(JsonConfig.java:91)
	at com.woting.jsonconfig.JsonConfig.<init>(JsonConfig.java:45)
	at com.woting.push.ServerListener.loadConfig(ServerListener.java:151)
	at com.woting.push.ServerListener.initEnvironment(ServerListener.java:122)
	at com.woting.push.ServerListener.begin(ServerListener.java:172)
	at com.woting.push.ServerListener.main(ServerListener.java:45)

2016-07-21 16:01:28.876|a [main] com.woting.push.ServerListener
2016-07-21 16:01:28.876|b [main] -- Push服务启动失败=======================
2016-07-21 16:01:28.994|a [Thread-0] com.woting.push.ServerListener
2016-07-21 16:01:28.994|b [Thread-0] -- 正在正在关闭服务... 
2016-07-21 16:52:59.036|a [main] com.woting.push.ServerListener
2016-07-21 16:52:59.036|b [main] -- 启动Push服务=======================
2016-07-21 16:52:59.291|a [main] com.woting.push.ServerListener
2016-07-21 16:52:59.291|b [main] -- 一、环境加载
2016-07-21 16:52:59.525|a [main] com.woting.push.ServerListener
2016-07-21 16:52:59.525|b [main] -- 加载运行目录，用时[147831]毫秒
2016-07-21 16:53:04.253|a [main] com.woting.push.ServerListener
2016-07-21 16:53:04.253|b [main] -- 启动服务出现异常：
com.fasterxml.jackson.core.JsonParseException: Unexpected character ('/' (code 47)): maybe a (non-standard) comment? (not recognized as one since Feature 'ALLOW_COMMENTS' not enabled for parser)
 at [Source: {
  "push":{
    "ctlTcpPort":"16789", //控制端配置
    "dispatchThread":"4", //分发接收消息的线程个数
    "cleanInterval":"60*1000" //清理内存间隔时间
  }
}; line: 3, column: 28]
	at com.fasterxml.jackson.core.JsonParser._constructError(JsonParser.java:1581)
	at com.fasterxml.jackson.core.base.ParserMinimalBase._reportError(ParserMinimalBase.java:533)
	at com.fasterxml.jackson.core.base.ParserMinimalBase._reportUnexpectedChar(ParserMinimalBase.java:462)
	at com.fasterxml.jackson.core.json.ReaderBasedJsonParser._skipComment(ReaderBasedJsonParser.java:2099)
	at com.fasterxml.jackson.core.json.ReaderBasedJsonParser._skipAfterComma2(ReaderBasedJsonParser.java:1988)
	at com.fasterxml.jackson.core.json.ReaderBasedJsonParser._skipComma(ReaderBasedJsonParser.java:1964)
	at com.fasterxml.jackson.core.json.ReaderBasedJsonParser.nextFieldName(ReaderBasedJsonParser.java:770)
	at com.fasterxml.jackson.databind.deser.std.UntypedObjectDeserializer$Vanilla.mapObject(UntypedObjectDeserializer.java:631)
	at com.fasterxml.jackson.databind.deser.std.UntypedObjectDeserializer$Vanilla.deserialize(UntypedObjectDeserializer.java:496)
	at com.fasterxml.jackson.databind.deser.std.MapDeserializer._readAndBindStringMap(MapDeserializer.java:495)
	at com.fasterxml.jackson.databind.deser.std.MapDeserializer.deserialize(MapDeserializer.java:341)
	at com.fasterxml.jackson.databind.deser.std.MapDeserializer.deserialize(MapDeserializer.java:26)
	at com.fasterxml.jackson.databind.ObjectMapper._readMapAndClose(ObjectMapper.java:3736)
	at com.fasterxml.jackson.databind.ObjectMapper.readValue(ObjectMapper.java:2726)
	at com.woting.jsonconfig.JsonConfig.loader(JsonConfig.java:102)
	at com.woting.jsonconfig.JsonConfig.<init>(JsonConfig.java:45)
	at com.woting.push.ServerListener.loadConfig(ServerListener.java:151)
	at com.woting.push.ServerListener.initEnvironment(ServerListener.java:122)
	at com.woting.push.ServerListener.begin(ServerListener.java:172)
	at com.woting.push.ServerListener.main(ServerListener.java:45)

2016-07-21 17:10:20.590|a [main] com.woting.push.ServerListener
2016-07-21 17:10:20.590|b [main] -- 启动Push服务=======================
2016-07-21 17:10:20.790|a [main] com.woting.push.ServerListener
2016-07-21 17:10:20.790|b [main] -- 一、环境加载
2016-07-21 17:10:21.006|a [main] com.woting.push.ServerListener
2016-07-21 17:10:21.006|b [main] -- 加载运行目录，用时[40438]毫秒
2016-07-21 17:11:38.090|a [main] com.woting.push.ServerListener
2016-07-21 17:11:38.090|b [main] -- 启动服务出现异常：
java.lang.RuntimeException: 未加载完成，不能读取
	at com.woting.jsonconfig.JsonConfig.getString(JsonConfig.java:84)
	at com.woting.push.config.ConfigLoadUtils.getPushConfig(ConfigLoadUtils.java:12)
	at com.woting.push.ServerListener.loadConfig(ServerListener.java:152)
	at com.woting.push.ServerListener.initEnvironment(ServerListener.java:122)
	at com.woting.push.ServerListener.begin(ServerListener.java:172)
	at com.woting.push.ServerListener.main(ServerListener.java:45)

2016-07-21 17:11:38.105|a [main] com.woting.push.ServerListener
2016-07-21 17:11:38.105|b [main] -- Push服务启动失败=======================
2016-07-21 17:11:38.122|a [Thread-0] com.woting.push.ServerListener
2016-07-21 17:11:38.122|b [Thread-0] -- 正在正在关闭服务... 
2016-07-21 17:11:58.879|a [main] com.woting.push.ServerListener
2016-07-21 17:11:58.879|b [main] -- 启动Push服务=======================
2016-07-21 17:11:58.895|a [main] com.woting.push.ServerListener
2016-07-21 17:11:58.895|b [main] -- 一、环境加载
2016-07-21 17:11:58.897|a [main] com.woting.push.ServerListener
2016-07-21 17:11:58.897|b [main] -- 加载运行目录，用时[8586]毫秒
2016-07-21 17:12:55.311|a [main] com.woting.push.ServerListener
2016-07-21 17:12:55.311|b [main] -- 启动服务出现异常：
java.lang.RuntimeException: 未加载完成，不能读取
	at com.woting.jsonconfig.JsonConfig.getString(JsonConfig.java:84)
	at com.woting.push.config.ConfigLoadUtils.getPushConfig(ConfigLoadUtils.java:12)
	at com.woting.push.ServerListener.loadConfig(ServerListener.java:152)
	at com.woting.push.ServerListener.initEnvironment(ServerListener.java:122)
	at com.woting.push.ServerListener.begin(ServerListener.java:172)
	at com.woting.push.ServerListener.main(ServerListener.java:45)

2016-07-21 17:13:55.835|a [main] com.woting.push.ServerListener
2016-07-21 17:13:55.835|b [main] -- 启动Push服务=======================
2016-07-21 17:13:55.835|a [main] com.woting.push.ServerListener
2016-07-21 17:13:55.835|b [main] -- 一、环境加载
2016-07-21 17:13:55.851|a [main] com.woting.push.ServerListener
2016-07-21 17:13:55.851|b [main] -- 加载运行目录，用时[4101]毫秒
2016-07-21 17:14:50.683|a [main] com.woting.push.ServerListener
2016-07-21 17:14:50.683|b [main] -- 加载系统配置，用时[54832]毫秒
2016-07-21 17:14:54.603|a [main] com.woting.push.ServerListener
2016-07-21 17:14:54.603|b [main] -- 启动服务出现异常：
java.lang.ClassCastException: com.woting.push.config.PushConfig cannot be cast to java.lang.String
	at com.woting.push.ext.SpringShell.init(SpringShell.java:24)
	at com.woting.push.ServerListener.initEnvironment(ServerListener.java:125)
	at com.woting.push.ServerListener.begin(ServerListener.java:172)
	at com.woting.push.ServerListener.main(ServerListener.java:45)

2016-07-21 17:16:20.256|a [main] com.woting.push.ServerListener
2016-07-21 17:16:20.256|b [main] -- 启动Push服务=======================
2016-07-21 17:16:20.277|a [main] com.woting.push.ServerListener
2016-07-21 17:16:20.277|b [main] -- 一、环境加载
2016-07-21 17:16:20.277|a [main] com.woting.push.ServerListener
2016-07-21 17:16:20.277|b [main] -- 加载运行目录，用时[4555]毫秒
2016-07-21 17:16:25.444|a [main] com.woting.push.ServerListener
2016-07-21 17:16:25.444|b [main] -- 加载系统配置，用时[5165]毫秒
2016-07-21 17:16:41.668|a [main] com.woting.push.ServerListener
2016-07-21 17:16:41.668|b [main] -- 启动服务出现异常：
java.lang.ClassCastException: com.woting.push.config.PushConfig cannot be cast to java.lang.String
	at com.woting.push.ext.SpringShell.init(SpringShell.java:24)
	at com.woting.push.ServerListener.initEnvironment(ServerListener.java:125)
	at com.woting.push.ServerListener.begin(ServerListener.java:172)
	at com.woting.push.ServerListener.main(ServerListener.java:45)

2016-07-21 17:18:52.573|a [main] com.woting.push.ServerListener
2016-07-21 17:18:52.573|b [main] -- 启动Push服务=======================
2016-07-21 17:18:52.579|a [main] com.woting.push.ServerListener
2016-07-21 17:18:52.579|b [main] -- 一、环境加载
2016-07-21 17:18:52.580|a [main] com.woting.push.ServerListener
2016-07-21 17:18:52.580|b [main] -- 加载运行目录，用时[393]毫秒
2016-07-21 17:18:53.117|a [main] com.woting.push.ServerListener
2016-07-21 17:18:53.117|b [main] -- 加载系统配置，用时[535]毫秒
2016-07-21 17:19:12.818|a [main] org.springframework.core.env.StandardEnvironment
2016-07-21 17:19:12.818|b [main] -- Adding [systemProperties] PropertySource with lowest search precedence
2016-07-21 17:19:12.821|a [main] org.springframework.core.env.StandardEnvironment
2016-07-21 17:19:12.821|b [main] -- Adding [systemEnvironment] PropertySource with lowest search precedence
2016-07-21 17:19:12.823|a [main] org.springframework.core.env.StandardEnvironment
2016-07-21 17:19:12.823|b [main] -- Initialized StandardEnvironment with PropertySources [systemProperties,systemEnvironment]
2016-07-21 17:19:12.828|a [main] org.springframework.context.support.FileSystemXmlApplicationContext
2016-07-21 17:19:12.828|b [main] -- Refreshing org.springframework.context.support.FileSystemXmlApplicationContext@5026735c: startup date [Thu Jul 21 17:19:12 CST 2016]; root of context hierarchy
2016-07-21 17:19:12.929|a [main] org.springframework.core.env.StandardEnvironment
2016-07-21 17:19:12.929|b [main] -- Adding [systemProperties] PropertySource with lowest search precedence
2016-07-21 17:19:12.930|a [main] org.springframework.core.env.StandardEnvironment
2016-07-21 17:19:12.930|b [main] -- Adding [systemEnvironment] PropertySource with lowest search precedence
2016-07-21 17:19:12.931|a [main] org.springframework.core.env.StandardEnvironment
2016-07-21 17:19:12.931|b [main] -- Initialized StandardEnvironment with PropertySources [systemProperties,systemEnvironment]
2016-07-21 17:19:12.970|a [main] org.springframework.beans.factory.xml.XmlBeanDefinitionReader
2016-07-21 17:19:12.970|b [main] -- Loading XML bean definitions from file [D:\workIDE\projects\pushcenter\target\conf\appContext.xml]
2016-07-21 17:19:12.993|a [main] org.springframework.beans.factory.xml.DefaultDocumentLoader
2016-07-21 17:19:12.993|b [main] -- Using JAXP provider [com.sun.org.apache.xerces.internal.jaxp.DocumentBuilderFactoryImpl]
2016-07-21 17:19:13.154|a [main] org.springframework.beans.factory.xml.PluggableSchemaResolver
2016-07-21 17:19:13.154|b [main] -- Loading schema mappings from [META-INF/spring.schemas]
2016-07-21 17:19:13.229|a [main] org.springframework.beans.factory.xml.PluggableSchemaResolver
2016-07-21 17:19:13.229|b [main] -- Loaded schema mappings: {http://www.springframework.org/schema/tx/spring-tx-2.5.xsd=org/springframework/transaction/config/spring-tx-2.5.xsd, http://www.springframework.org/schema/cache/spring-cache-4.2.xsd=org/springframework/cache/config/spring-cache-4.2.xsd, http://www.springframework.org/schema/aop/spring-aop-4.1.xsd=org/springframework/aop/config/spring-aop-4.1.xsd, http://www.springframework.org/schema/context/spring-context-3.1.xsd=org/springframework/context/config/spring-context-3.1.xsd, http://www.springframework.org/schema/jdbc/spring-jdbc-4.1.xsd=org/springframework/jdbc/config/spring-jdbc-4.1.xsd, http://www.springframework.org/schema/util/spring-util-3.0.xsd=org/springframework/beans/factory/xml/spring-util-3.0.xsd, http://mybatis.org/schema/mybatis-spring-1.2.xsd=org/mybatis/spring/config/mybatis-spring-1.2.xsd, http://www.springframework.org/schema/tool/spring-tool.xsd=org/springframework/beans/factory/xml/spring-tool-4.2.xsd, http://www.springframework.org/schema/aop/spring-aop-3.2.xsd=org/springframework/aop/config/spring-aop-3.2.xsd, http://www.springframework.org/schema/lang/spring-lang-4.1.xsd=org/springframework/scripting/config/spring-lang-4.1.xsd, http://www.springframework.org/schema/context/spring-context-4.0.xsd=org/springframework/context/config/spring-context-4.0.xsd, http://www.springframework.org/schema/beans/spring-beans-4.2.xsd=org/springframework/beans/factory/xml/spring-beans-4.2.xsd, http://www.springframework.org/schema/tool/spring-tool-4.1.xsd=org/springframework/beans/factory/xml/spring-tool-4.1.xsd, http://www.springframework.org/schema/lang/spring-lang-3.2.xsd=org/springframework/scripting/config/spring-lang-3.2.xsd, http://www.springframework.org/schema/cache/spring-cache-3.2.xsd=org/springframework/cache/config/spring-cache-3.2.xsd, http://www.springframework.org/schema/jee/spring-jee-4.1.xsd=org/springframework/ejb/config/spring-jee-4.1.xsd, http://www.springframework.org/schema/jdbc/spring-jdbc-3.1.xsd=org/springframework/jdbc/config/spring-jdbc-3.1.xsd, http://www.springframework.org/schema/util/spring-util-2.0.xsd=org/springframework/beans/factory/xml/spring-util-2.0.xsd, http://www.springframework.org/schema/task/spring-task-4.2.xsd=org/springframework/scheduling/config/spring-task-4.2.xsd, http://www.springframework.org/schema/tool/spring-tool-3.2.xsd=org/springframework/beans/factory/xml/spring-tool-3.2.xsd, http://www.springframework.org/schema/context/spring-context.xsd=org/springframework/context/config/spring-context-4.2.xsd, http://www.springframework.org/schema/tx/spring-tx-4.2.xsd=org/springframework/transaction/config/spring-tx-4.2.xsd, http://www.springframework.org/schema/cache/spring-cache-4.1.xsd=org/springframework/cache/config/spring-cache-4.1.xsd, http://www.springframework.org/schema/aop/spring-aop-4.0.xsd=org/springframework/aop/config/spring-aop-4.0.xsd, http://www.springframework.org/schema/jee/spring-jee-3.2.xsd=org/springframework/ejb/config/spring-jee-3.2.xsd, http://www.springframework.org/schema/context/spring-context-3.0.xsd=org/springframework/context/config/spring-context-3.0.xsd, http://www.springframework.org/schema/jdbc/spring-jdbc-4.0.xsd=org/springframework/jdbc/config/spring-jdbc-4.0.xsd, http://www.springframework.org/schema/util/spring-util-2.5.xsd=org/springframework/beans/factory/xml/spring-util-2.5.xsd, http://www.springframework.org/schema/beans/spring-beans-3.2.xsd=org/springframework/beans/factory/xml/spring-beans-3.2.xsd, http://www.springframework.org/schema/aop/spring-aop-3.1.xsd=org/springframework/aop/config/spring-aop-3.1.xsd, http://www.springframework.org/schema/lang/spring-lang-4.0.xsd=org/springframework/scripting/config/spring-lang-4.0.xsd, http://www.springframework.org/schema/beans/spring-beans-4.1.xsd=org/springframework/beans/factory/xml/spring-beans-4.1.xsd, http://www.springframework.org/schema/tool/spring-tool-4.0.xsd=org/springframework/beans/factory/xml/spring-tool-4.0.xsd, http://www.springframework.org/schema/tx/spring-tx-3.2.xsd=org/springframework/transaction/config/spring-tx-3.2.xsd, http://www.springframework.org/schema/lang/spring-lang-3.1.xsd=org/springframework/scripting/config/spring-lang-3.1.xsd, http://www.springframework.org/schema/cache/spring-cache-3.1.xsd=org/springframework/cache/config/spring-cache-3.1.xsd, http://www.springframework.org/schema/jee/spring-jee-4.0.xsd=org/springframework/ejb/config/spring-jee-4.0.xsd, http://www.springframework.org/schema/jdbc/spring-jdbc-3.0.xsd=org/springframework/jdbc/config/spring-jdbc-3.0.xsd, http://www.springframework.org/schema/task/spring-task-4.1.xsd=org/springframework/scheduling/config/spring-task-4.1.xsd, http://www.springframework.org/schema/jdbc/spring-jdbc.xsd=org/springframework/jdbc/config/spring-jdbc-4.2.xsd, http://www.springframework.org/schema/tool/spring-tool-3.1.xsd=org/springframework/beans/factory/xml/spring-tool-3.1.xsd, http://www.springframework.org/schema/tx/spring-tx-4.1.xsd=org/springframework/transaction/config/spring-tx-4.1.xsd, http://www.springframework.org/schema/cache/spring-cache-4.0.xsd=org/springframework/cache/config/spring-cache-4.0.xsd, http://www.springframework.org/schema/jee/spring-jee-3.1.xsd=org/springframework/ejb/config/spring-jee-3.1.xsd, http://www.springframework.org/schema/util/spring-util-4.2.xsd=org/springframework/beans/factory/xml/spring-util-4.2.xsd, http://www.springframework.org/schema/task/spring-task-3.2.xsd=org/springframework/scheduling/config/spring-task-3.2.xsd, http://www.springframework.org/schema/beans/spring-beans-3.1.xsd=org/springframework/beans/factory/xml/spring-beans-3.1.xsd, http://www.springframework.org/schema/util/spring-util.xsd=org/springframework/beans/factory/xml/spring-util-4.2.xsd, http://www.springframework.org/schema/aop/spring-aop-3.0.xsd=org/springframework/aop/config/spring-aop-3.0.xsd, http://www.springframework.org/schema/beans/spring-beans-4.0.xsd=org/springframework/beans/factory/xml/spring-beans-4.0.xsd, http://www.springframework.org/schema/beans/spring-beans.xsd=org/springframework/beans/factory/xml/spring-beans-4.2.xsd, http://mybatis.org/schema/mybatis-spring.xsd=org/mybatis/spring/config/mybatis-spring-1.2.xsd, http://www.springframework.org/schema/tx/spring-tx-3.1.xsd=org/springframework/transaction/config/spring-tx-3.1.xsd, http://www.springframework.org/schema/lang/spring-lang-3.0.xsd=org/springframework/scripting/config/spring-lang-3.0.xsd, http://www.springframework.org/schema/context/spring-context-2.5.xsd=org/springframework/context/config/spring-context-2.5.xsd, http://www.springframework.org/schema/task/spring-task-4.0.xsd=org/springframework/scheduling/config/spring-task-4.0.xsd, http://www.springframework.org/schema/tool/spring-tool-3.0.xsd=org/springframework/beans/factory/xml/spring-tool-3.0.xsd, http://www.springframework.org/schema/tx/spring-tx-4.0.xsd=org/springframework/transaction/config/spring-tx-4.0.xsd, http://www.springframework.org/schema/aop/spring-aop-2.0.xsd=org/springframework/aop/config/spring-aop-2.0.xsd, http://www.springframework.org/schema/jee/spring-jee-3.0.xsd=org/springframework/ejb/config/spring-jee-3.0.xsd, http://www.springframework.org/schema/util/spring-util-4.1.xsd=org/springframework/beans/factory/xml/spring-util-4.1.xsd, http://www.springframework.org/schema/task/spring-task-3.1.xsd=org/springframework/scheduling/config/spring-task-3.1.xsd, http://www.springframework.org/schema/beans/spring-beans-3.0.xsd=org/springframework/beans/factory/xml/spring-beans-3.0.xsd, http://www.springframework.org/schema/jee/spring-jee.xsd=org/springframework/ejb/config/spring-jee-4.2.xsd, http://www.springframework.org/schema/aop/spring-aop-2.5.xsd=org/springframework/aop/config/spring-aop-2.5.xsd, http://www.springframework.org/schema/lang/spring-lang-2.0.xsd=org/springframework/scripting/config/spring-lang-2.0.xsd, http://www.springframework.org/schema/util/spring-util-3.2.xsd=org/springframework/beans/factory/xml/spring-util-3.2.xsd, http://www.springframework.org/schema/task/spring-task.xsd=org/springframework/scheduling/config/spring-task-4.2.xsd, http://www.springframework.org/schema/tool/spring-tool-2.0.xsd=org/springframework/beans/factory/xml/spring-tool-2.0.xsd, http://www.springframework.org/schema/tx/spring-tx-3.0.xsd=org/springframework/transaction/config/spring-tx-3.0.xsd, http://www.springframework.org/schema/lang/spring-lang-2.5.xsd=org/springframework/scripting/config/spring-lang-2.5.xsd, http://www.springframework.org/schema/context/spring-context-4.2.xsd=org/springframework/context/config/spring-context-4.2.xsd, http://www.springframework.org/schema/jee/spring-jee-2.0.xsd=org/springframework/ejb/config/spring-jee-2.0.xsd, http://www.springframework.org/schema/tool/spring-tool-2.5.xsd=org/springframework/beans/factory/xml/spring-tool-2.5.xsd, http://www.springframework.org/schema/jee/spring-jee-2.5.xsd=org/springframework/ejb/config/spring-jee-2.5.xsd, http://www.springframework.org/schema/util/spring-util-4.0.xsd=org/springframework/beans/factory/xml/spring-util-4.0.xsd, http://www.springframework.org/schema/task/spring-task-3.0.xsd=org/springframework/scheduling/config/spring-task-3.0.xsd, http://www.springframework.org/schema/aop/spring-aop-4.2.xsd=org/springframework/aop/config/spring-aop-4.2.xsd, http://www.springframework.org/schema/lang/spring-lang.xsd=org/springframework/scripting/config/spring-lang-4.2.xsd, http://www.springframework.org/schema/context/spring-context-3.2.xsd=org/springframework/context/config/spring-context-3.2.xsd, http://www.springframework.org/schema/jdbc/spring-jdbc-4.2.xsd=org/springframework/jdbc/config/spring-jdbc-4.2.xsd, http://www.springframework.org/schema/util/spring-util-3.1.xsd=org/springframework/beans/factory/xml/spring-util-3.1.xsd, http://www.springframework.org/schema/beans/spring-beans-2.0.xsd=org/springframework/beans/factory/xml/spring-beans-2.0.xsd, http://www.springframework.org/schema/cache/spring-cache.xsd=org/springframework/cache/config/spring-cache-4.2.xsd, http://www.springframework.org/schema/tx/spring-tx.xsd=org/springframework/transaction/config/spring-tx-4.2.xsd, http://www.springframework.org/schema/lang/spring-lang-4.2.xsd=org/springframework/scripting/config/spring-lang-4.2.xsd, http://www.springframework.org/schema/context/spring-context-4.1.xsd=org/springframework/context/config/spring-context-4.1.xsd, http://www.springframework.org/schema/beans/spring-beans-2.5.xsd=org/springframework/beans/factory/xml/spring-beans-2.5.xsd, http://www.springframework.org/schema/tool/spring-tool-4.2.xsd=org/springframework/beans/factory/xml/spring-tool-4.2.xsd, http://www.springframework.org/schema/tx/spring-tx-2.0.xsd=org/springframework/transaction/config/spring-tx-2.0.xsd, http://www.springframework.org/schema/jee/spring-jee-4.2.xsd=org/springframework/ejb/config/spring-jee-4.2.xsd, http://www.springframework.org/schema/jdbc/spring-jdbc-3.2.xsd=org/springframework/jdbc/config/spring-jdbc-3.2.xsd, http://www.springframework.org/schema/aop/spring-aop.xsd=org/springframework/aop/config/spring-aop-4.2.xsd}
2016-07-21 17:19:13.247|a [main] org.springframework.beans.factory.xml.PluggableSchemaResolver
2016-07-21 17:19:13.247|b [main] -- Found XML schema [http://www.springframework.org/schema/beans/spring-beans-3.0.xsd] in classpath: org/springframework/beans/factory/xml/spring-beans-3.0.xsd
2016-07-21 17:19:13.451|a [main] org.springframework.beans.factory.xml.PluggableSchemaResolver
2016-07-21 17:19:13.451|b [main] -- Found XML schema [http://www.springframework.org/schema/context/spring-context-3.0.xsd] in classpath: org/springframework/context/config/spring-context-3.0.xsd
2016-07-21 17:19:13.495|a [main] org.springframework.beans.factory.xml.PluggableSchemaResolver
2016-07-21 17:19:13.495|b [main] -- Found XML schema [http://www.springframework.org/schema/tool/spring-tool-3.0.xsd] in classpath: org/springframework/beans/factory/xml/spring-tool-3.0.xsd
2016-07-21 17:19:13.545|a [main] org.springframework.beans.factory.xml.DefaultBeanDefinitionDocumentReader
2016-07-21 17:19:13.545|b [main] -- Loading bean definitions
2016-07-21 17:19:13.619|a [main] org.springframework.beans.factory.xml.BeanDefinitionParserDelegate
2016-07-21 17:19:13.619|b [main] -- Neither XML 'id' nor 'name' specified - using generated bean name [org.apache.ibatis.transaction.managed.ManagedTransactionFactory#61ce23ac]
2016-07-21 17:19:13.619|a [main] org.springframework.beans.factory.xml.DefaultNamespaceHandlerResolver
2016-07-21 17:19:13.619|b [main] -- Loaded NamespaceHandler mappings: {http://www.springframework.org/schema/p=org.springframework.beans.factory.xml.SimplePropertyNamespaceHandler, http://www.springframework.org/schema/util=org.springframework.beans.factory.xml.UtilNamespaceHandler, http://www.springframework.org/schema/jee=org.springframework.ejb.config.JeeNamespaceHandler, http://www.springframework.org/schema/aop=org.springframework.aop.config.AopNamespaceHandler, http://www.springframework.org/schema/jdbc=org.springframework.jdbc.config.JdbcNamespaceHandler, http://www.springframework.org/schema/cache=org.springframework.cache.config.CacheNamespaceHandler, http://mybatis.org/schema/mybatis-spring=org.mybatis.spring.config.NamespaceHandler, http://www.springframework.org/schema/c=org.springframework.beans.factory.xml.SimpleConstructorNamespaceHandler, http://www.springframework.org/schema/tx=org.springframework.transaction.config.TxNamespaceHandler, http://www.springframework.org/schema/task=org.springframework.scheduling.config.TaskNamespaceHandler, http://www.springframework.org/schema/lang=org.springframework.scripting.config.LangNamespaceHandler, http://www.springframework.org/schema/context=org.springframework.context.config.ContextNamespaceHandler}
2016-07-21 17:19:13.688|a [main] org.springframework.core.env.StandardEnvironment
2016-07-21 17:19:13.688|b [main] -- Adding [systemProperties] PropertySource with lowest search precedence
2016-07-21 17:19:13.703|a [main] org.springframework.core.env.StandardEnvironment
2016-07-21 17:19:13.703|b [main] -- Adding [systemEnvironment] PropertySource with lowest search precedence
2016-07-21 17:19:13.703|a [main] org.springframework.core.env.StandardEnvironment
2016-07-21 17:19:13.703|b [main] -- Initialized StandardEnvironment with PropertySources [systemProperties,systemEnvironment]
2016-07-21 17:19:13.719|a [main] org.springframework.core.io.support.PathMatchingResourcePatternResolver
2016-07-21 17:19:13.719|b [main] -- Looking for matching resources in directory tree [D:\workIDE\projects\pushcenter\target\classes\com\woting\push]
2016-07-21 17:19:13.719|a [main] org.springframework.core.io.support.PathMatchingResourcePatternResolver
2016-07-21 17:19:13.719|b [main] -- Searching directory [D:\workIDE\projects\pushcenter\target\classes\com\woting\push] for files matching pattern [D:/workIDE/projects/pushcenter/target/classes/com/woting/push/**/*.class]
2016-07-21 17:19:13.735|a [main] org.springframework.core.io.support.PathMatchingResourcePatternResolver
2016-07-21 17:19:13.735|b [main] -- Searching directory [D:\workIDE\projects\pushcenter\target\classes\com\woting\push\config] for files matching pattern [D:/workIDE/projects/pushcenter/target/classes/com/woting/push/**/*.class]
2016-07-21 17:19:13.735|a [main] org.springframework.core.io.support.PathMatchingResourcePatternResolver
2016-07-21 17:19:13.735|b [main] -- Searching directory [D:\workIDE\projects\pushcenter\target\classes\com\woting\push\core] for files matching pattern [D:/workIDE/projects/pushcenter/target/classes/com/woting/push/**/*.class]
2016-07-21 17:19:13.735|a [main] org.springframework.core.io.support.PathMatchingResourcePatternResolver
2016-07-21 17:19:13.735|b [main] -- Searching directory [D:\workIDE\projects\pushcenter\target\classes\com\woting\push\core\mem] for files matching pattern [D:/workIDE/projects/pushcenter/target/classes/com/woting/push/**/*.class]
2016-07-21 17:19:13.735|a [main] org.springframework.core.io.support.PathMatchingResourcePatternResolver
2016-07-21 17:19:13.735|b [main] -- Searching directory [D:\workIDE\projects\pushcenter\target\classes\com\woting\push\core\message] for files matching pattern [D:/workIDE/projects/pushcenter/target/classes/com/woting/push/**/*.class]
2016-07-21 17:19:13.735|a [main] org.springframework.core.io.support.PathMatchingResourcePatternResolver
2016-07-21 17:19:13.735|b [main] -- Searching directory [D:\workIDE\projects\pushcenter\target\classes\com\woting\push\core\monitor] for files matching pattern [D:/workIDE/projects/pushcenter/target/classes/com/woting/push/**/*.class]
2016-07-21 17:19:13.735|a [main] org.springframework.core.io.support.PathMatchingResourcePatternResolver
2016-07-21 17:19:13.735|b [main] -- Searching directory [D:\workIDE\projects\pushcenter\target\classes\com\woting\push\core\service] for files matching pattern [D:/workIDE/projects/pushcenter/target/classes/com/woting/push/**/*.class]
2016-07-21 17:19:13.735|a [main] org.springframework.core.io.support.PathMatchingResourcePatternResolver
2016-07-21 17:19:13.735|b [main] -- Searching directory [D:\workIDE\projects\pushcenter\target\classes\com\woting\push\ext] for files matching pattern [D:/workIDE/projects/pushcenter/target/classes/com/woting/push/**/*.class]
2016-07-21 17:19:13.750|a [main] org.springframework.core.io.support.PathMatchingResourcePatternResolver
2016-07-21 17:19:13.750|b [main] -- Resolved location pattern [classpath*:com/woting/push/**/*.class] to resources [file [D:\workIDE\projects\pushcenter\target\classes\com\woting\push\config\ConfigLoadUtils.class], file [D:\workIDE\projects\pushcenter\target\classes\com\woting\push\config\PushConfig.class], file [D:\workIDE\projects\pushcenter\target\classes\com\woting\push\core\mem\TcpGlobalMemory.class], file [D:\workIDE\projects\pushcenter\target\classes\com\woting\push\core\message\ByteConvert.class], file [D:\workIDE\projects\pushcenter\target\classes\com\woting\push\core\message\Message.class], file [D:\workIDE\projects\pushcenter\target\classes\com\woting\push\core\message\MsgMedia.class], file [D:\workIDE\projects\pushcenter\target\classes\com\woting\push\core\message\MsgNormal.class], file [D:\workIDE\projects\pushcenter\target\classes\com\woting\push\core\monitor\TcpNioSocketServer.class], file [D:\workIDE\projects\pushcenter\target\classes\com\woting\push\core\service\LoadSysCacheService.class], file [D:\workIDE\projects\pushcenter\target\classes\com\woting\push\ext\RedisPool.class], file [D:\workIDE\projects\pushcenter\target\classes\com\woting\push\ext\SpringShell.class], file [D:\workIDE\projects\pushcenter\target\classes\com\woting\push\PushConstants.class], file [D:\workIDE\projects\pushcenter\target\classes\com\woting\push\ServerListener$1.class], file [D:\workIDE\projects\pushcenter\target\classes\com\woting\push\ServerListener$InstanceHolder.class], file [D:\workIDE\projects\pushcenter\target\classes\com\woting\push\ServerListener.class]]
2016-07-21 17:19:13.919|a [main] org.springframework.context.annotation.ClassPathBeanDefinitionScanner
2016-07-21 17:19:13.919|b [main] -- Identified candidate component class: file [D:\workIDE\projects\pushcenter\target\classes\com\woting\push\core\service\LoadSysCacheService.class]
2016-07-21 17:19:14.027|a [main] org.springframework.beans.factory.xml.XmlBeanDefinitionReader
2016-07-21 17:19:14.027|b [main] -- Loaded 12 bean definitions from location pattern [D:/workIDE/projects/pushcenter/target/conf/appContext.xml]
2016-07-21 17:19:14.028|a [main] org.springframework.context.support.FileSystemXmlApplicationContext
2016-07-21 17:19:14.028|b [main] -- Bean factory for org.springframework.context.support.FileSystemXmlApplicationContext@5026735c: org.springframework.beans.factory.support.DefaultListableBeanFactory@792bbc74: defining beans [propertyConfigurer,dataSource,transactionManager,sqlSessionFactory,defaultDAO,loadSysCacheService,org.springframework.context.annotation.internalConfigurationAnnotationProcessor,org.springframework.context.annotation.internalAutowiredAnnotationProcessor,org.springframework.context.annotation.internalRequiredAnnotationProcessor,org.springframework.context.annotation.internalCommonAnnotationProcessor,org.springframework.context.event.internalEventListenerProcessor,org.springframework.context.event.internalEventListenerFactory]; root of factory hierarchy
2016-07-21 17:19:14.234|a [main] org.springframework.beans.factory.support.DefaultListableBeanFactory
2016-07-21 17:19:14.234|b [main] -- Creating shared instance of singleton bean 'org.springframework.context.annotation.internalConfigurationAnnotationProcessor'
2016-07-21 17:19:14.235|a [main] org.springframework.beans.factory.support.DefaultListableBeanFactory
2016-07-21 17:19:14.235|b [main] -- Creating instance of bean 'org.springframework.context.annotation.internalConfigurationAnnotationProcessor'
2016-07-21 17:19:14.286|a [main] org.springframework.beans.factory.support.DefaultListableBeanFactory
2016-07-21 17:19:14.286|b [main] -- Eagerly caching bean 'org.springframework.context.annotation.internalConfigurationAnnotationProcessor' to allow for resolving potential circular references
2016-07-21 17:19:14.291|a [main] org.springframework.beans.factory.support.DefaultListableBeanFactory
2016-07-21 17:19:14.291|b [main] -- Finished creating instance of bean 'org.springframework.context.annotation.internalConfigurationAnnotationProcessor'
2016-07-21 17:19:14.404|a [main] org.springframework.beans.factory.support.DefaultListableBeanFactory
2016-07-21 17:19:14.404|b [main] -- Creating shared instance of singleton bean 'propertyConfigurer'
2016-07-21 17:19:14.405|a [main] org.springframework.beans.factory.support.DefaultListableBeanFactory
2016-07-21 17:19:14.405|b [main] -- Creating instance of bean 'propertyConfigurer'
2016-07-21 17:19:14.410|a [main] org.springframework.beans.factory.support.DefaultListableBeanFactory
2016-07-21 17:19:14.410|b [main] -- Eagerly caching bean 'propertyConfigurer' to allow for resolving potential circular references
2016-07-21 17:19:14.510|a [main] org.springframework.beans.factory.support.DefaultListableBeanFactory
2016-07-21 17:19:14.510|b [main] -- Finished creating instance of bean 'propertyConfigurer'
2016-07-21 17:19:14.512|a [main] org.springframework.beans.factory.config.PropertyPlaceholderConfigurer
2016-07-21 17:19:14.512|b [main] -- Loading properties file from file [D:\workIDE\projects\pushcenter\conf\database.properties]
2016-07-21 17:19:14.548|a [main] org.springframework.beans.factory.support.DefaultListableBeanFactory
2016-07-21 17:19:14.548|b [main] -- Creating shared instance of singleton bean 'org.springframework.context.annotation.internalAutowiredAnnotationProcessor'
2016-07-21 17:19:14.549|a [main] org.springframework.beans.factory.support.DefaultListableBeanFactory
2016-07-21 17:19:14.549|b [main] -- Creating instance of bean 'org.springframework.context.annotation.internalAutowiredAnnotationProcessor'
2016-07-21 17:19:14.553|a [main] org.springframework.beans.factory.support.DefaultListableBeanFactory
2016-07-21 17:19:14.553|b [main] -- Eagerly caching bean 'org.springframework.context.annotation.internalAutowiredAnnotationProcessor' to allow for resolving potential circular references
2016-07-21 17:19:14.555|a [main] org.springframework.beans.factory.support.DefaultListableBeanFactory
2016-07-21 17:19:14.555|b [main] -- Finished creating instance of bean 'org.springframework.context.annotation.internalAutowiredAnnotationProcessor'
2016-07-21 17:19:14.556|a [main] org.springframework.beans.factory.support.DefaultListableBeanFactory
2016-07-21 17:19:14.556|b [main] -- Creating shared instance of singleton bean 'org.springframework.context.annotation.internalRequiredAnnotationProcessor'
2016-07-21 17:19:14.557|a [main] org.springframework.beans.factory.support.DefaultListableBeanFactory
2016-07-21 17:19:14.557|b [main] -- Creating instance of bean 'org.springframework.context.annotation.internalRequiredAnnotationProcessor'
2016-07-21 17:19:14.560|a [main] org.springframework.beans.factory.support.DefaultListableBeanFactory
2016-07-21 17:19:14.560|b [main] -- Eagerly caching bean 'org.springframework.context.annotation.internalRequiredAnnotationProcessor' to allow for resolving potential circular references
2016-07-21 17:19:14.561|a [main] org.springframework.beans.factory.support.DefaultListableBeanFactory
2016-07-21 17:19:14.561|b [main] -- Finished creating instance of bean 'org.springframework.context.annotation.internalRequiredAnnotationProcessor'
2016-07-21 17:19:14.562|a [main] org.springframework.beans.factory.support.DefaultListableBeanFactory
2016-07-21 17:19:14.562|b [main] -- Creating shared instance of singleton bean 'org.springframework.context.annotation.internalCommonAnnotationProcessor'
2016-07-21 17:19:14.563|a [main] org.springframework.beans.factory.support.DefaultListableBeanFactory
2016-07-21 17:19:14.563|b [main] -- Creating instance of bean 'org.springframework.context.annotation.internalCommonAnnotationProcessor'
2016-07-21 17:19:14.622|a [main] org.springframework.beans.factory.support.DefaultListableBeanFactory
2016-07-21 17:19:14.622|b [main] -- Eagerly caching bean 'org.springframework.context.annotation.internalCommonAnnotationProcessor' to allow for resolving potential circular references
2016-07-21 17:19:14.624|a [main] org.springframework.beans.factory.support.DefaultListableBeanFactory
2016-07-21 17:19:14.624|b [main] -- Finished creating instance of bean 'org.springframework.context.annotation.internalCommonAnnotationProcessor'
2016-07-21 17:19:14.625|a [main] org.springframework.beans.factory.support.DefaultListableBeanFactory
2016-07-21 17:19:14.625|b [main] -- Creating shared instance of singleton bean 'org.springframework.context.annotation.ConfigurationClassPostProcessor.importAwareProcessor'
2016-07-21 17:19:14.627|a [main] org.springframework.beans.factory.support.DefaultListableBeanFactory
2016-07-21 17:19:14.627|b [main] -- Creating instance of bean 'org.springframework.context.annotation.ConfigurationClassPostProcessor.importAwareProcessor'
2016-07-21 17:19:14.628|a [main] org.springframework.beans.factory.support.DefaultListableBeanFactory
2016-07-21 17:19:14.628|b [main] -- Eagerly caching bean 'org.springframework.context.annotation.ConfigurationClassPostProcessor.importAwareProcessor' to allow for resolving potential circular references
2016-07-21 17:19:14.628|a [main] org.springframework.beans.factory.support.DefaultListableBeanFactory
2016-07-21 17:19:14.628|b [main] -- Finished creating instance of bean 'org.springframework.context.annotation.ConfigurationClassPostProcessor.importAwareProcessor'
2016-07-21 17:19:14.629|a [main] org.springframework.beans.factory.support.DefaultListableBeanFactory
2016-07-21 17:19:14.629|b [main] -- Creating shared instance of singleton bean 'org.springframework.context.annotation.ConfigurationClassPostProcessor.enhancedConfigurationProcessor'
2016-07-21 17:19:14.629|a [main] org.springframework.beans.factory.support.DefaultListableBeanFactory
2016-07-21 17:19:14.629|b [main] -- Creating instance of bean 'org.springframework.context.annotation.ConfigurationClassPostProcessor.enhancedConfigurationProcessor'
2016-07-21 17:19:14.630|a [main] org.springframework.beans.factory.support.DefaultListableBeanFactory
2016-07-21 17:19:14.630|b [main] -- Eagerly caching bean 'org.springframework.context.annotation.ConfigurationClassPostProcessor.enhancedConfigurationProcessor' to allow for resolving potential circular references
2016-07-21 17:19:14.631|a [main] org.springframework.beans.factory.support.DefaultListableBeanFactory
2016-07-21 17:19:14.631|b [main] -- Finished creating instance of bean 'org.springframework.context.annotation.ConfigurationClassPostProcessor.enhancedConfigurationProcessor'
2016-07-21 17:19:14.639|a [main] org.springframework.context.support.FileSystemXmlApplicationContext
2016-07-21 17:19:14.639|b [main] -- Unable to locate MessageSource with name 'messageSource': using default [org.springframework.context.support.DelegatingMessageSource@3e2822]
2016-07-21 17:19:14.645|a [main] org.springframework.context.support.FileSystemXmlApplicationContext
2016-07-21 17:19:14.645|b [main] -- Unable to locate ApplicationEventMulticaster with name 'applicationEventMulticaster': using default [org.springframework.context.event.SimpleApplicationEventMulticaster@1d71006f]
2016-07-21 17:19:14.648|a [main] org.springframework.beans.factory.support.DefaultListableBeanFactory
2016-07-21 17:19:14.648|b [main] -- Pre-instantiating singletons in org.springframework.beans.factory.support.DefaultListableBeanFactory@792bbc74: defining beans [propertyConfigurer,dataSource,transactionManager,sqlSessionFactory,defaultDAO,loadSysCacheService,org.springframework.context.annotation.internalConfigurationAnnotationProcessor,org.springframework.context.annotation.internalAutowiredAnnotationProcessor,org.springframework.context.annotation.internalRequiredAnnotationProcessor,org.springframework.context.annotation.internalCommonAnnotationProcessor,org.springframework.context.event.internalEventListenerProcessor,org.springframework.context.event.internalEventListenerFactory,org.springframework.context.annotation.ConfigurationClassPostProcessor.importAwareProcessor,org.springframework.context.annotation.ConfigurationClassPostProcessor.enhancedConfigurationProcessor]; root of factory hierarchy
2016-07-21 17:19:14.649|a [main] org.springframework.beans.factory.support.DefaultListableBeanFactory
2016-07-21 17:19:14.649|b [main] -- Returning cached instance of singleton bean 'propertyConfigurer'
2016-07-21 17:19:14.650|a [main] org.springframework.beans.factory.support.DefaultListableBeanFactory
2016-07-21 17:19:14.650|b [main] -- Creating shared instance of singleton bean 'dataSource'
2016-07-21 17:19:14.651|a [main] org.springframework.beans.factory.support.DefaultListableBeanFactory
2016-07-21 17:19:14.651|b [main] -- Creating instance of bean 'dataSource'
2016-07-21 17:19:14.751|a [main] org.springframework.beans.factory.support.DefaultListableBeanFactory
2016-07-21 17:19:14.751|b [main] -- Eagerly caching bean 'dataSource' to allow for resolving potential circular references
2016-07-21 17:19:14.847|a [main] org.springframework.beans.factory.support.DefaultListableBeanFactory
2016-07-21 17:19:14.847|b [main] -- Finished creating instance of bean 'dataSource'
2016-07-21 17:19:14.848|a [main] org.springframework.beans.factory.support.DefaultListableBeanFactory
2016-07-21 17:19:14.848|b [main] -- Creating shared instance of singleton bean 'transactionManager'
2016-07-21 17:19:14.849|a [main] org.springframework.beans.factory.support.DefaultListableBeanFactory
2016-07-21 17:19:14.849|b [main] -- Creating instance of bean 'transactionManager'
2016-07-21 17:19:14.894|a [main] org.springframework.beans.factory.support.DefaultListableBeanFactory
2016-07-21 17:19:14.894|b [main] -- Eagerly caching bean 'transactionManager' to allow for resolving potential circular references
2016-07-21 17:19:14.915|a [main] org.springframework.beans.factory.support.DefaultListableBeanFactory
2016-07-21 17:19:14.915|b [main] -- Returning cached instance of singleton bean 'dataSource'
2016-07-21 17:19:14.934|a [main] org.springframework.beans.factory.support.DefaultListableBeanFactory
2016-07-21 17:19:14.934|b [main] -- Invoking afterPropertiesSet() on bean with name 'transactionManager'
2016-07-21 17:19:14.935|a [main] org.springframework.beans.factory.support.DefaultListableBeanFactory
2016-07-21 17:19:14.935|b [main] -- Finished creating instance of bean 'transactionManager'
2016-07-21 17:19:14.936|a [main] org.springframework.beans.factory.support.DefaultListableBeanFactory
2016-07-21 17:19:14.936|b [main] -- Creating shared instance of singleton bean 'sqlSessionFactory'
2016-07-21 17:19:14.939|a [main] org.springframework.beans.factory.support.DefaultListableBeanFactory
2016-07-21 17:19:14.939|b [main] -- Creating instance of bean 'sqlSessionFactory'
2016-07-21 17:19:14.988|a [main] org.apache.ibatis.logging.LogFactory
2016-07-21 17:19:14.988|b [main] -- Logging initialized using 'class org.apache.ibatis.logging.slf4j.Slf4jImpl' adapter.
2016-07-21 17:19:15.004|a [main] org.springframework.beans.factory.support.DefaultListableBeanFactory
2016-07-21 17:19:15.004|b [main] -- Eagerly caching bean 'sqlSessionFactory' to allow for resolving potential circular references
2016-07-21 17:19:15.051|a [main] org.springframework.beans.factory.support.DefaultListableBeanFactory
2016-07-21 17:19:15.051|b [main] -- Returning cached instance of singleton bean 'dataSource'
2016-07-21 17:19:15.051|a [main] org.springframework.beans.factory.support.DefaultListableBeanFactory
2016-07-21 17:19:15.051|b [main] -- Creating instance of bean 'org.apache.ibatis.transaction.managed.ManagedTransactionFactory#61ce23ac'
2016-07-21 17:19:15.066|a [main] org.springframework.beans.factory.support.DefaultListableBeanFactory
2016-07-21 17:19:15.066|b [main] -- Finished creating instance of bean 'org.apache.ibatis.transaction.managed.ManagedTransactionFactory#61ce23ac'
2016-07-21 17:19:15.066|a [main] org.springframework.beans.factory.support.DefaultListableBeanFactory
2016-07-21 17:19:15.066|b [main] -- Invoking afterPropertiesSet() on bean with name 'sqlSessionFactory'
2016-07-21 17:19:15.088|a [main] org.springframework.core.io.support.PathMatchingResourcePatternResolver
2016-07-21 17:19:15.088|b [main] -- Looking for matching resources in jar file [file:/D:/workIDE/projects/pushcenter/lib/BasicPlat-0.1.0.9.jar]
2016-07-21 17:19:15.104|a [main] org.springframework.core.io.support.PathMatchingResourcePatternResolver
2016-07-21 17:19:15.104|b [main] -- Resolved location pattern [classpath*:mybatisConfig/*.mappers.cfg.xml] to resources [URL [jar:file:/D:/workIDE/projects/pushcenter/lib/BasicPlat-0.1.0.9.jar!/mybatisConfig/framework.mappers.cfg.xml]]
2016-07-21 17:19:15.567|a [main] com.spiritdata.framework.ext.mybatis.interceptor.PageInterceptor
2016-07-21 17:19:15.567|b [main] -- asyncTotalCount: {false} 
2016-07-21 17:19:15.836|a [main] com.spiritdata.framework.ext.spring.mybatis.MySqlSessionFactoryBean
2016-07-21 17:19:15.836|b [main] -- Parsed configuration file: 'URL [jar:file:/D:/workIDE/projects/pushcenter/lib/BasicPlat-0.1.0.9.jar!/mybatisConfig/frameworkMybatis.xml]'
2016-07-21 17:19:16.305|a [main] com.spiritdata.framework.ext.spring.mybatis.MySqlSessionFactoryBean
2016-07-21 17:19:16.305|b [main] -- Parsed configuration file: 'URL [jar:file:/D:/workIDE/projects/pushcenter/lib/BasicPlat-0.1.0.9.jar!/mybatisConfig/framework.mappers.cfg.xml]'
2016-07-21 17:19:16.332|a [main] com.spiritdata.framework.ext.mybatis.interceptor.PageInterceptor
2016-07-21 17:19:16.332|b [main] -- dialectClass: {com.spiritdata.framework.core.dao.dialect.MySqlDialect} 
2016-07-21 17:19:16.332|a [main] com.spiritdata.framework.ext.mybatis.interceptor.PageInterceptor
2016-07-21 17:19:16.332|b [main] -- asyncTotalCount: {false} 
2016-07-21 17:19:16.332|a [main] com.spiritdata.framework.ext.spring.mybatis.MySqlSessionFactoryBean
2016-07-21 17:19:16.332|b [main] -- Property 'mapperLocations' was not specified or no matching resources found
2016-07-21 17:19:16.332|a [main] org.springframework.beans.factory.support.DefaultListableBeanFactory
2016-07-21 17:19:16.332|b [main] -- Finished creating instance of bean 'sqlSessionFactory'
2016-07-21 17:19:16.332|a [main] org.springframework.beans.factory.support.DefaultListableBeanFactory
2016-07-21 17:19:16.332|b [main] -- Creating shared instance of singleton bean 'loadSysCacheService'
2016-07-21 17:19:16.332|a [main] org.springframework.beans.factory.support.DefaultListableBeanFactory
2016-07-21 17:19:16.332|b [main] -- Creating instance of bean 'loadSysCacheService'
2016-07-21 17:19:16.332|a [main] org.springframework.beans.factory.support.DefaultListableBeanFactory
2016-07-21 17:19:16.332|b [main] -- Eagerly caching bean 'loadSysCacheService' to allow for resolving potential circular references
2016-07-21 17:19:16.348|a [main] org.springframework.beans.factory.support.DefaultListableBeanFactory
2016-07-21 17:19:16.348|b [main] -- Finished creating instance of bean 'loadSysCacheService'
2016-07-21 17:19:16.348|a [main] org.springframework.beans.factory.support.DefaultListableBeanFactory
2016-07-21 17:19:16.348|b [main] -- Returning cached instance of singleton bean 'org.springframework.context.annotation.internalConfigurationAnnotationProcessor'
2016-07-21 17:19:16.348|a [main] org.springframework.beans.factory.support.DefaultListableBeanFactory
2016-07-21 17:19:16.348|b [main] -- Returning cached instance of singleton bean 'org.springframework.context.annotation.internalAutowiredAnnotationProcessor'
2016-07-21 17:19:16.348|a [main] org.springframework.beans.factory.support.DefaultListableBeanFactory
2016-07-21 17:19:16.348|b [main] -- Returning cached instance of singleton bean 'org.springframework.context.annotation.internalRequiredAnnotationProcessor'
2016-07-21 17:19:16.348|a [main] org.springframework.beans.factory.support.DefaultListableBeanFactory
2016-07-21 17:19:16.348|b [main] -- Returning cached instance of singleton bean 'org.springframework.context.annotation.internalCommonAnnotationProcessor'
2016-07-21 17:19:16.348|a [main] org.springframework.beans.factory.support.DefaultListableBeanFactory
2016-07-21 17:19:16.348|b [main] -- Creating shared instance of singleton bean 'org.springframework.context.event.internalEventListenerProcessor'
2016-07-21 17:19:16.348|a [main] org.springframework.beans.factory.support.DefaultListableBeanFactory
2016-07-21 17:19:16.348|b [main] -- Creating instance of bean 'org.springframework.context.event.internalEventListenerProcessor'
2016-07-21 17:19:16.348|a [main] org.springframework.beans.factory.support.DefaultListableBeanFactory
2016-07-21 17:19:16.348|b [main] -- Eagerly caching bean 'org.springframework.context.event.internalEventListenerProcessor' to allow for resolving potential circular references
2016-07-21 17:19:16.348|a [main] org.springframework.beans.factory.support.DefaultListableBeanFactory
2016-07-21 17:19:16.348|b [main] -- Finished creating instance of bean 'org.springframework.context.event.internalEventListenerProcessor'
2016-07-21 17:19:16.348|a [main] org.springframework.beans.factory.support.DefaultListableBeanFactory
2016-07-21 17:19:16.348|b [main] -- Creating shared instance of singleton bean 'org.springframework.context.event.internalEventListenerFactory'
2016-07-21 17:19:16.348|a [main] org.springframework.beans.factory.support.DefaultListableBeanFactory
2016-07-21 17:19:16.348|b [main] -- Creating instance of bean 'org.springframework.context.event.internalEventListenerFactory'
2016-07-21 17:19:16.348|a [main] org.springframework.beans.factory.support.DefaultListableBeanFactory
2016-07-21 17:19:16.348|b [main] -- Eagerly caching bean 'org.springframework.context.event.internalEventListenerFactory' to allow for resolving potential circular references
2016-07-21 17:19:16.364|a [main] org.springframework.beans.factory.support.DefaultListableBeanFactory
2016-07-21 17:19:16.364|b [main] -- Finished creating instance of bean 'org.springframework.context.event.internalEventListenerFactory'
2016-07-21 17:19:16.364|a [main] org.springframework.beans.factory.support.DefaultListableBeanFactory
2016-07-21 17:19:16.364|b [main] -- Returning cached instance of singleton bean 'org.springframework.context.annotation.ConfigurationClassPostProcessor.importAwareProcessor'
2016-07-21 17:19:16.364|a [main] org.springframework.beans.factory.support.DefaultListableBeanFactory
2016-07-21 17:19:16.364|b [main] -- Returning cached instance of singleton bean 'org.springframework.context.annotation.ConfigurationClassPostProcessor.enhancedConfigurationProcessor'
2016-07-21 17:19:16.364|a [main] org.springframework.beans.factory.support.DefaultListableBeanFactory
2016-07-21 17:19:16.364|b [main] -- Returning cached instance of singleton bean 'org.springframework.context.event.internalEventListenerFactory'
2016-07-21 17:19:16.537|a [main] org.springframework.context.support.FileSystemXmlApplicationContext
2016-07-21 17:19:16.537|b [main] -- Unable to locate LifecycleProcessor with name 'lifecycleProcessor': using default [org.springframework.context.support.DefaultLifecycleProcessor@5942ee04]
2016-07-21 17:19:16.537|a [main] org.springframework.beans.factory.support.DefaultListableBeanFactory
2016-07-21 17:19:16.537|b [main] -- Returning cached instance of singleton bean 'lifecycleProcessor'
2016-07-21 17:19:16.568|a [main] org.springframework.beans.factory.support.DefaultListableBeanFactory
2016-07-21 17:19:16.568|b [main] -- Returning cached instance of singleton bean 'sqlSessionFactory'
2016-07-21 17:19:16.568|a [main] org.springframework.core.env.PropertySourcesPropertyResolver
2016-07-21 17:19:16.568|b [main] -- Searching for key 'spring.liveBeansView.mbeanDomain' in [systemProperties]
2016-07-21 17:19:16.568|a [main] org.springframework.core.env.PropertySourcesPropertyResolver
2016-07-21 17:19:16.568|b [main] -- Searching for key 'spring.liveBeansView.mbeanDomain' in [systemEnvironment]
2016-07-21 17:19:16.568|a [main] org.springframework.core.env.PropertySourcesPropertyResolver
2016-07-21 17:19:16.568|b [main] -- Could not find key 'spring.liveBeansView.mbeanDomain' in any property source. Returning [null]
2016-07-21 17:19:19.393|a [main] com.woting.push.ServerListener
2016-07-21 17:19:19.393|b [main] -- 加载Spring配置，用时[26811]毫秒
2016-07-21 17:19:19.807|a [main] com.woting.push.ServerListener
2016-07-21 17:19:19.807|b [main] -- 环境加载结束，共用时[27620]毫秒
2016-07-21 17:19:20.246|a [main] com.woting.push.ServerListener
2016-07-21 17:19:20.246|b [main] -- 二、系统数据加载
2016-07-21 17:19:21.631|a [main] org.springframework.beans.factory.support.DefaultListableBeanFactory
2016-07-21 17:19:21.631|b [main] -- Returning cached instance of singleton bean 'loadSysCacheService'
2016-07-21 17:19:23.282|a [main] com.woting.push.ServerListener
2016-07-21 17:19:23.282|b [main] -- 加载系统缓存数据，用时[2209]毫秒
2016-07-21 17:19:23.710|a [main] com.woting.push.ServerListener
2016-07-21 17:19:23.710|b [main] -- 系统数据加载结束，共用时[3037]毫秒
2016-07-21 17:19:50.123|a [main] com.woting.push.ServerListener
2016-07-21 17:19:50.123|b [main] -- Push服务启动失败=======================
2016-07-21 17:24:27.665|a [main] com.woting.push.ServerListener
2016-07-21 17:24:27.665|b [main] -- 启动Push服务=======================
2016-07-21 17:24:27.665|a [main] com.woting.push.ServerListener
2016-07-21 17:24:27.665|b [main] -- 一、环境加载
2016-07-21 17:24:27.665|a [main] com.woting.push.ServerListener
2016-07-21 17:24:27.665|b [main] -- 加载运行目录，用时[434]毫秒
2016-07-21 17:24:28.328|a [main] com.woting.push.ServerListener
2016-07-21 17:24:28.328|b [main] -- 加载系统配置，用时[663]毫秒
2016-07-21 17:24:31.900|a [main] org.springframework.core.env.StandardEnvironment
2016-07-21 17:24:31.900|b [main] -- Adding [systemProperties] PropertySource with lowest search precedence
2016-07-21 17:24:31.904|a [main] org.springframework.core.env.StandardEnvironment
2016-07-21 17:24:31.904|b [main] -- Adding [systemEnvironment] PropertySource with lowest search precedence
2016-07-21 17:24:31.904|a [main] org.springframework.core.env.StandardEnvironment
2016-07-21 17:24:31.904|b [main] -- Initialized StandardEnvironment with PropertySources [systemProperties,systemEnvironment]
2016-07-21 17:24:31.904|a [main] org.springframework.context.support.FileSystemXmlApplicationContext
2016-07-21 17:24:31.904|b [main] -- Refreshing org.springframework.context.support.FileSystemXmlApplicationContext@5026735c: startup date [Thu Jul 21 17:24:31 CST 2016]; root of context hierarchy
2016-07-21 17:24:32.004|a [main] org.springframework.core.env.StandardEnvironment
2016-07-21 17:24:32.004|b [main] -- Adding [systemProperties] PropertySource with lowest search precedence
2016-07-21 17:24:32.004|a [main] org.springframework.core.env.StandardEnvironment
2016-07-21 17:24:32.004|b [main] -- Adding [systemEnvironment] PropertySource with lowest search precedence
2016-07-21 17:24:32.004|a [main] org.springframework.core.env.StandardEnvironment
2016-07-21 17:24:32.004|b [main] -- Initialized StandardEnvironment with PropertySources [systemProperties,systemEnvironment]
2016-07-21 17:24:32.067|a [main] org.springframework.beans.factory.xml.XmlBeanDefinitionReader
2016-07-21 17:24:32.067|b [main] -- Loading XML bean definitions from file [D:\workIDE\projects\pushcenter\target\conf\appContext.xml]
2016-07-21 17:24:32.082|a [main] org.springframework.beans.factory.xml.DefaultDocumentLoader
2016-07-21 17:24:32.082|b [main] -- Using JAXP provider [com.sun.org.apache.xerces.internal.jaxp.DocumentBuilderFactoryImpl]
2016-07-21 17:24:32.183|a [main] org.springframework.beans.factory.xml.PluggableSchemaResolver
2016-07-21 17:24:32.183|b [main] -- Loading schema mappings from [META-INF/spring.schemas]
2016-07-21 17:24:32.204|a [main] org.springframework.beans.factory.xml.PluggableSchemaResolver
2016-07-21 17:24:32.204|b [main] -- Loaded schema mappings: {http://www.springframework.org/schema/tx/spring-tx-2.5.xsd=org/springframework/transaction/config/spring-tx-2.5.xsd, http://www.springframework.org/schema/cache/spring-cache-4.2.xsd=org/springframework/cache/config/spring-cache-4.2.xsd, http://www.springframework.org/schema/aop/spring-aop-4.1.xsd=org/springframework/aop/config/spring-aop-4.1.xsd, http://www.springframework.org/schema/context/spring-context-3.1.xsd=org/springframework/context/config/spring-context-3.1.xsd, http://www.springframework.org/schema/jdbc/spring-jdbc-4.1.xsd=org/springframework/jdbc/config/spring-jdbc-4.1.xsd, http://www.springframework.org/schema/util/spring-util-3.0.xsd=org/springframework/beans/factory/xml/spring-util-3.0.xsd, http://mybatis.org/schema/mybatis-spring-1.2.xsd=org/mybatis/spring/config/mybatis-spring-1.2.xsd, http://www.springframework.org/schema/tool/spring-tool.xsd=org/springframework/beans/factory/xml/spring-tool-4.2.xsd, http://www.springframework.org/schema/aop/spring-aop-3.2.xsd=org/springframework/aop/config/spring-aop-3.2.xsd, http://www.springframework.org/schema/lang/spring-lang-4.1.xsd=org/springframework/scripting/config/spring-lang-4.1.xsd, http://www.springframework.org/schema/context/spring-context-4.0.xsd=org/springframework/context/config/spring-context-4.0.xsd, http://www.springframework.org/schema/beans/spring-beans-4.2.xsd=org/springframework/beans/factory/xml/spring-beans-4.2.xsd, http://www.springframework.org/schema/tool/spring-tool-4.1.xsd=org/springframework/beans/factory/xml/spring-tool-4.1.xsd, http://www.springframework.org/schema/lang/spring-lang-3.2.xsd=org/springframework/scripting/config/spring-lang-3.2.xsd, http://www.springframework.org/schema/cache/spring-cache-3.2.xsd=org/springframework/cache/config/spring-cache-3.2.xsd, http://www.springframework.org/schema/jee/spring-jee-4.1.xsd=org/springframework/ejb/config/spring-jee-4.1.xsd, http://www.springframework.org/schema/jdbc/spring-jdbc-3.1.xsd=org/springframework/jdbc/config/spring-jdbc-3.1.xsd, http://www.springframework.org/schema/util/spring-util-2.0.xsd=org/springframework/beans/factory/xml/spring-util-2.0.xsd, http://www.springframework.org/schema/task/spring-task-4.2.xsd=org/springframework/scheduling/config/spring-task-4.2.xsd, http://www.springframework.org/schema/tool/spring-tool-3.2.xsd=org/springframework/beans/factory/xml/spring-tool-3.2.xsd, http://www.springframework.org/schema/context/spring-context.xsd=org/springframework/context/config/spring-context-4.2.xsd, http://www.springframework.org/schema/tx/spring-tx-4.2.xsd=org/springframework/transaction/config/spring-tx-4.2.xsd, http://www.springframework.org/schema/cache/spring-cache-4.1.xsd=org/springframework/cache/config/spring-cache-4.1.xsd, http://www.springframework.org/schema/aop/spring-aop-4.0.xsd=org/springframework/aop/config/spring-aop-4.0.xsd, http://www.springframework.org/schema/jee/spring-jee-3.2.xsd=org/springframework/ejb/config/spring-jee-3.2.xsd, http://www.springframework.org/schema/context/spring-context-3.0.xsd=org/springframework/context/config/spring-context-3.0.xsd, http://www.springframework.org/schema/jdbc/spring-jdbc-4.0.xsd=org/springframework/jdbc/config/spring-jdbc-4.0.xsd, http://www.springframework.org/schema/util/spring-util-2.5.xsd=org/springframework/beans/factory/xml/spring-util-2.5.xsd, http://www.springframework.org/schema/beans/spring-beans-3.2.xsd=org/springframework/beans/factory/xml/spring-beans-3.2.xsd, http://www.springframework.org/schema/aop/spring-aop-3.1.xsd=org/springframework/aop/config/spring-aop-3.1.xsd, http://www.springframework.org/schema/lang/spring-lang-4.0.xsd=org/springframework/scripting/config/spring-lang-4.0.xsd, http://www.springframework.org/schema/beans/spring-beans-4.1.xsd=org/springframework/beans/factory/xml/spring-beans-4.1.xsd, http://www.springframework.org/schema/tool/spring-tool-4.0.xsd=org/springframework/beans/factory/xml/spring-tool-4.0.xsd, http://www.springframework.org/schema/tx/spring-tx-3.2.xsd=org/springframework/transaction/config/spring-tx-3.2.xsd, http://www.springframework.org/schema/lang/spring-lang-3.1.xsd=org/springframework/scripting/config/spring-lang-3.1.xsd, http://www.springframework.org/schema/cache/spring-cache-3.1.xsd=org/springframework/cache/config/spring-cache-3.1.xsd, http://www.springframework.org/schema/jee/spring-jee-4.0.xsd=org/springframework/ejb/config/spring-jee-4.0.xsd, http://www.springframework.org/schema/jdbc/spring-jdbc-3.0.xsd=org/springframework/jdbc/config/spring-jdbc-3.0.xsd, http://www.springframework.org/schema/task/spring-task-4.1.xsd=org/springframework/scheduling/config/spring-task-4.1.xsd, http://www.springframework.org/schema/jdbc/spring-jdbc.xsd=org/springframework/jdbc/config/spring-jdbc-4.2.xsd, http://www.springframework.org/schema/tool/spring-tool-3.1.xsd=org/springframework/beans/factory/xml/spring-tool-3.1.xsd, http://www.springframework.org/schema/tx/spring-tx-4.1.xsd=org/springframework/transaction/config/spring-tx-4.1.xsd, http://www.springframework.org/schema/cache/spring-cache-4.0.xsd=org/springframework/cache/config/spring-cache-4.0.xsd, http://www.springframework.org/schema/jee/spring-jee-3.1.xsd=org/springframework/ejb/config/spring-jee-3.1.xsd, http://www.springframework.org/schema/util/spring-util-4.2.xsd=org/springframework/beans/factory/xml/spring-util-4.2.xsd, http://www.springframework.org/schema/task/spring-task-3.2.xsd=org/springframework/scheduling/config/spring-task-3.2.xsd, http://www.springframework.org/schema/beans/spring-beans-3.1.xsd=org/springframework/beans/factory/xml/spring-beans-3.1.xsd, http://www.springframework.org/schema/util/spring-util.xsd=org/springframework/beans/factory/xml/spring-util-4.2.xsd, http://www.springframework.org/schema/aop/spring-aop-3.0.xsd=org/springframework/aop/config/spring-aop-3.0.xsd, http://www.springframework.org/schema/beans/spring-beans-4.0.xsd=org/springframework/beans/factory/xml/spring-beans-4.0.xsd, http://www.springframework.org/schema/beans/spring-beans.xsd=org/springframework/beans/factory/xml/spring-beans-4.2.xsd, http://mybatis.org/schema/mybatis-spring.xsd=org/mybatis/spring/config/mybatis-spring-1.2.xsd, http://www.springframework.org/schema/tx/spring-tx-3.1.xsd=org/springframework/transaction/config/spring-tx-3.1.xsd, http://www.springframework.org/schema/lang/spring-lang-3.0.xsd=org/springframework/scripting/config/spring-lang-3.0.xsd, http://www.springframework.org/schema/context/spring-context-2.5.xsd=org/springframework/context/config/spring-context-2.5.xsd, http://www.springframework.org/schema/task/spring-task-4.0.xsd=org/springframework/scheduling/config/spring-task-4.0.xsd, http://www.springframework.org/schema/tool/spring-tool-3.0.xsd=org/springframework/beans/factory/xml/spring-tool-3.0.xsd, http://www.springframework.org/schema/tx/spring-tx-4.0.xsd=org/springframework/transaction/config/spring-tx-4.0.xsd, http://www.springframework.org/schema/aop/spring-aop-2.0.xsd=org/springframework/aop/config/spring-aop-2.0.xsd, http://www.springframework.org/schema/jee/spring-jee-3.0.xsd=org/springframework/ejb/config/spring-jee-3.0.xsd, http://www.springframework.org/schema/util/spring-util-4.1.xsd=org/springframework/beans/factory/xml/spring-util-4.1.xsd, http://www.springframework.org/schema/task/spring-task-3.1.xsd=org/springframework/scheduling/config/spring-task-3.1.xsd, http://www.springframework.org/schema/beans/spring-beans-3.0.xsd=org/springframework/beans/factory/xml/spring-beans-3.0.xsd, http://www.springframework.org/schema/jee/spring-jee.xsd=org/springframework/ejb/config/spring-jee-4.2.xsd, http://www.springframework.org/schema/aop/spring-aop-2.5.xsd=org/springframework/aop/config/spring-aop-2.5.xsd, http://www.springframework.org/schema/lang/spring-lang-2.0.xsd=org/springframework/scripting/config/spring-lang-2.0.xsd, http://www.springframework.org/schema/util/spring-util-3.2.xsd=org/springframework/beans/factory/xml/spring-util-3.2.xsd, http://www.springframework.org/schema/task/spring-task.xsd=org/springframework/scheduling/config/spring-task-4.2.xsd, http://www.springframework.org/schema/tool/spring-tool-2.0.xsd=org/springframework/beans/factory/xml/spring-tool-2.0.xsd, http://www.springframework.org/schema/tx/spring-tx-3.0.xsd=org/springframework/transaction/config/spring-tx-3.0.xsd, http://www.springframework.org/schema/lang/spring-lang-2.5.xsd=org/springframework/scripting/config/spring-lang-2.5.xsd, http://www.springframework.org/schema/context/spring-context-4.2.xsd=org/springframework/context/config/spring-context-4.2.xsd, http://www.springframework.org/schema/jee/spring-jee-2.0.xsd=org/springframework/ejb/config/spring-jee-2.0.xsd, http://www.springframework.org/schema/tool/spring-tool-2.5.xsd=org/springframework/beans/factory/xml/spring-tool-2.5.xsd, http://www.springframework.org/schema/jee/spring-jee-2.5.xsd=org/springframework/ejb/config/spring-jee-2.5.xsd, http://www.springframework.org/schema/util/spring-util-4.0.xsd=org/springframework/beans/factory/xml/spring-util-4.0.xsd, http://www.springframework.org/schema/task/spring-task-3.0.xsd=org/springframework/scheduling/config/spring-task-3.0.xsd, http://www.springframework.org/schema/aop/spring-aop-4.2.xsd=org/springframework/aop/config/spring-aop-4.2.xsd, http://www.springframework.org/schema/lang/spring-lang.xsd=org/springframework/scripting/config/spring-lang-4.2.xsd, http://www.springframework.org/schema/context/spring-context-3.2.xsd=org/springframework/context/config/spring-context-3.2.xsd, http://www.springframework.org/schema/jdbc/spring-jdbc-4.2.xsd=org/springframework/jdbc/config/spring-jdbc-4.2.xsd, http://www.springframework.org/schema/util/spring-util-3.1.xsd=org/springframework/beans/factory/xml/spring-util-3.1.xsd, http://www.springframework.org/schema/beans/spring-beans-2.0.xsd=org/springframework/beans/factory/xml/spring-beans-2.0.xsd, http://www.springframework.org/schema/cache/spring-cache.xsd=org/springframework/cache/config/spring-cache-4.2.xsd, http://www.springframework.org/schema/tx/spring-tx.xsd=org/springframework/transaction/config/spring-tx-4.2.xsd, http://www.springframework.org/schema/lang/spring-lang-4.2.xsd=org/springframework/scripting/config/spring-lang-4.2.xsd, http://www.springframework.org/schema/context/spring-context-4.1.xsd=org/springframework/context/config/spring-context-4.1.xsd, http://www.springframework.org/schema/beans/spring-beans-2.5.xsd=org/springframework/beans/factory/xml/spring-beans-2.5.xsd, http://www.springframework.org/schema/tool/spring-tool-4.2.xsd=org/springframework/beans/factory/xml/spring-tool-4.2.xsd, http://www.springframework.org/schema/tx/spring-tx-2.0.xsd=org/springframework/transaction/config/spring-tx-2.0.xsd, http://www.springframework.org/schema/jee/spring-jee-4.2.xsd=org/springframework/ejb/config/spring-jee-4.2.xsd, http://www.springframework.org/schema/jdbc/spring-jdbc-3.2.xsd=org/springframework/jdbc/config/spring-jdbc-3.2.xsd, http://www.springframework.org/schema/aop/spring-aop.xsd=org/springframework/aop/config/spring-aop-4.2.xsd}
2016-07-21 17:24:32.220|a [main] org.springframework.beans.factory.xml.PluggableSchemaResolver
2016-07-21 17:24:32.220|b [main] -- Found XML schema [http://www.springframework.org/schema/beans/spring-beans-3.0.xsd] in classpath: org/springframework/beans/factory/xml/spring-beans-3.0.xsd
2016-07-21 17:24:32.368|a [main] org.springframework.beans.factory.xml.PluggableSchemaResolver
2016-07-21 17:24:32.368|b [main] -- Found XML schema [http://www.springframework.org/schema/context/spring-context-3.0.xsd] in classpath: org/springframework/context/config/spring-context-3.0.xsd
2016-07-21 17:24:32.405|a [main] org.springframework.beans.factory.xml.PluggableSchemaResolver
2016-07-21 17:24:32.405|b [main] -- Found XML schema [http://www.springframework.org/schema/tool/spring-tool-3.0.xsd] in classpath: org/springframework/beans/factory/xml/spring-tool-3.0.xsd
2016-07-21 17:24:32.436|a [main] org.springframework.beans.factory.xml.DefaultBeanDefinitionDocumentReader
2016-07-21 17:24:32.436|b [main] -- Loading bean definitions
2016-07-21 17:24:32.506|a [main] org.springframework.beans.factory.xml.BeanDefinitionParserDelegate
2016-07-21 17:24:32.506|b [main] -- Neither XML 'id' nor 'name' specified - using generated bean name [org.apache.ibatis.transaction.managed.ManagedTransactionFactory#61ce23ac]
2016-07-21 17:24:32.506|a [main] org.springframework.beans.factory.xml.DefaultNamespaceHandlerResolver
2016-07-21 17:24:32.506|b [main] -- Loaded NamespaceHandler mappings: {http://www.springframework.org/schema/p=org.springframework.beans.factory.xml.SimplePropertyNamespaceHandler, http://www.springframework.org/schema/util=org.springframework.beans.factory.xml.UtilNamespaceHandler, http://www.springframework.org/schema/jee=org.springframework.ejb.config.JeeNamespaceHandler, http://www.springframework.org/schema/aop=org.springframework.aop.config.AopNamespaceHandler, http://www.springframework.org/schema/jdbc=org.springframework.jdbc.config.JdbcNamespaceHandler, http://www.springframework.org/schema/cache=org.springframework.cache.config.CacheNamespaceHandler, http://mybatis.org/schema/mybatis-spring=org.mybatis.spring.config.NamespaceHandler, http://www.springframework.org/schema/c=org.springframework.beans.factory.xml.SimpleConstructorNamespaceHandler, http://www.springframework.org/schema/tx=org.springframework.transaction.config.TxNamespaceHandler, http://www.springframework.org/schema/task=org.springframework.scheduling.config.TaskNamespaceHandler, http://www.springframework.org/schema/lang=org.springframework.scripting.config.LangNamespaceHandler, http://www.springframework.org/schema/context=org.springframework.context.config.ContextNamespaceHandler}
2016-07-21 17:24:32.568|a [main] org.springframework.core.env.StandardEnvironment
2016-07-21 17:24:32.568|b [main] -- Adding [systemProperties] PropertySource with lowest search precedence
2016-07-21 17:24:32.584|a [main] org.springframework.core.env.StandardEnvironment
2016-07-21 17:24:32.584|b [main] -- Adding [systemEnvironment] PropertySource with lowest search precedence
2016-07-21 17:24:32.584|a [main] org.springframework.core.env.StandardEnvironment
2016-07-21 17:24:32.584|b [main] -- Initialized StandardEnvironment with PropertySources [systemProperties,systemEnvironment]
2016-07-21 17:24:32.606|a [main] org.springframework.core.io.support.PathMatchingResourcePatternResolver
2016-07-21 17:24:32.606|b [main] -- Looking for matching resources in directory tree [D:\workIDE\projects\pushcenter\target\classes\com\woting\push]
2016-07-21 17:24:32.606|a [main] org.springframework.core.io.support.PathMatchingResourcePatternResolver
2016-07-21 17:24:32.606|b [main] -- Searching directory [D:\workIDE\projects\pushcenter\target\classes\com\woting\push] for files matching pattern [D:/workIDE/projects/pushcenter/target/classes/com/woting/push/**/*.class]
2016-07-21 17:24:32.606|a [main] org.springframework.core.io.support.PathMatchingResourcePatternResolver
2016-07-21 17:24:32.606|b [main] -- Searching directory [D:\workIDE\projects\pushcenter\target\classes\com\woting\push\config] for files matching pattern [D:/workIDE/projects/pushcenter/target/classes/com/woting/push/**/*.class]
2016-07-21 17:24:32.606|a [main] org.springframework.core.io.support.PathMatchingResourcePatternResolver
2016-07-21 17:24:32.606|b [main] -- Searching directory [D:\workIDE\projects\pushcenter\target\classes\com\woting\push\core] for files matching pattern [D:/workIDE/projects/pushcenter/target/classes/com/woting/push/**/*.class]
2016-07-21 17:24:32.606|a [main] org.springframework.core.io.support.PathMatchingResourcePatternResolver
2016-07-21 17:24:32.606|b [main] -- Searching directory [D:\workIDE\projects\pushcenter\target\classes\com\woting\push\core\mem] for files matching pattern [D:/workIDE/projects/pushcenter/target/classes/com/woting/push/**/*.class]
2016-07-21 17:24:32.606|a [main] org.springframework.core.io.support.PathMatchingResourcePatternResolver
2016-07-21 17:24:32.606|b [main] -- Searching directory [D:\workIDE\projects\pushcenter\target\classes\com\woting\push\core\message] for files matching pattern [D:/workIDE/projects/pushcenter/target/classes/com/woting/push/**/*.class]
2016-07-21 17:24:32.606|a [main] org.springframework.core.io.support.PathMatchingResourcePatternResolver
2016-07-21 17:24:32.606|b [main] -- Searching directory [D:\workIDE\projects\pushcenter\target\classes\com\woting\push\core\monitor] for files matching pattern [D:/workIDE/projects/pushcenter/target/classes/com/woting/push/**/*.class]
2016-07-21 17:24:32.606|a [main] org.springframework.core.io.support.PathMatchingResourcePatternResolver
2016-07-21 17:24:32.606|b [main] -- Searching directory [D:\workIDE\projects\pushcenter\target\classes\com\woting\push\core\service] for files matching pattern [D:/workIDE/projects/pushcenter/target/classes/com/woting/push/**/*.class]
2016-07-21 17:24:32.621|a [main] org.springframework.core.io.support.PathMatchingResourcePatternResolver
2016-07-21 17:24:32.621|b [main] -- Searching directory [D:\workIDE\projects\pushcenter\target\classes\com\woting\push\ext] for files matching pattern [D:/workIDE/projects/pushcenter/target/classes/com/woting/push/**/*.class]
2016-07-21 17:24:32.637|a [main] org.springframework.core.io.support.PathMatchingResourcePatternResolver
2016-07-21 17:24:32.637|b [main] -- Resolved location pattern [classpath*:com/woting/push/**/*.class] to resources [file [D:\workIDE\projects\pushcenter\target\classes\com\woting\push\config\ConfigLoadUtils.class], file [D:\workIDE\projects\pushcenter\target\classes\com\woting\push\config\PushConfig.class], file [D:\workIDE\projects\pushcenter\target\classes\com\woting\push\core\mem\TcpGlobalMemory.class], file [D:\workIDE\projects\pushcenter\target\classes\com\woting\push\core\message\ByteConvert.class], file [D:\workIDE\projects\pushcenter\target\classes\com\woting\push\core\message\Message.class], file [D:\workIDE\projects\pushcenter\target\classes\com\woting\push\core\message\MsgMedia.class], file [D:\workIDE\projects\pushcenter\target\classes\com\woting\push\core\message\MsgNormal.class], file [D:\workIDE\projects\pushcenter\target\classes\com\woting\push\core\monitor\TcpNioSocketServer.class], file [D:\workIDE\projects\pushcenter\target\classes\com\woting\push\core\service\LoadSysCacheService.class], file [D:\workIDE\projects\pushcenter\target\classes\com\woting\push\ext\RedisPool.class], file [D:\workIDE\projects\pushcenter\target\classes\com\woting\push\ext\SpringShell.class], file [D:\workIDE\projects\pushcenter\target\classes\com\woting\push\PushConstants.class], file [D:\workIDE\projects\pushcenter\target\classes\com\woting\push\ServerListener$1.class], file [D:\workIDE\projects\pushcenter\target\classes\com\woting\push\ServerListener$InstanceHolder.class], file [D:\workIDE\projects\pushcenter\target\classes\com\woting\push\ServerListener.class]]
2016-07-21 17:24:32.776|a [main] org.springframework.context.annotation.ClassPathBeanDefinitionScanner
2016-07-21 17:24:32.776|b [main] -- Identified candidate component class: file [D:\workIDE\projects\pushcenter\target\classes\com\woting\push\core\service\LoadSysCacheService.class]
2016-07-21 17:24:32.860|a [main] org.springframework.beans.factory.xml.XmlBeanDefinitionReader
2016-07-21 17:24:32.860|b [main] -- Loaded 12 bean definitions from location pattern [D:/workIDE/projects/pushcenter/target/conf/appContext.xml]
2016-07-21 17:24:32.861|a [main] org.springframework.context.support.FileSystemXmlApplicationContext
2016-07-21 17:24:32.861|b [main] -- Bean factory for org.springframework.context.support.FileSystemXmlApplicationContext@5026735c: org.springframework.beans.factory.support.DefaultListableBeanFactory@792bbc74: defining beans [propertyConfigurer,dataSource,transactionManager,sqlSessionFactory,defaultDAO,loadSysCacheService,org.springframework.context.annotation.internalConfigurationAnnotationProcessor,org.springframework.context.annotation.internalAutowiredAnnotationProcessor,org.springframework.context.annotation.internalRequiredAnnotationProcessor,org.springframework.context.annotation.internalCommonAnnotationProcessor,org.springframework.context.event.internalEventListenerProcessor,org.springframework.context.event.internalEventListenerFactory]; root of factory hierarchy
2016-07-21 17:24:33.013|a [main] org.springframework.beans.factory.support.DefaultListableBeanFactory
2016-07-21 17:24:33.013|b [main] -- Creating shared instance of singleton bean 'org.springframework.context.annotation.internalConfigurationAnnotationProcessor'
2016-07-21 17:24:33.015|a [main] org.springframework.beans.factory.support.DefaultListableBeanFactory
2016-07-21 17:24:33.015|b [main] -- Creating instance of bean 'org.springframework.context.annotation.internalConfigurationAnnotationProcessor'
2016-07-21 17:24:33.065|a [main] org.springframework.beans.factory.support.DefaultListableBeanFactory
2016-07-21 17:24:33.065|b [main] -- Eagerly caching bean 'org.springframework.context.annotation.internalConfigurationAnnotationProcessor' to allow for resolving potential circular references
2016-07-21 17:24:33.071|a [main] org.springframework.beans.factory.support.DefaultListableBeanFactory
2016-07-21 17:24:33.071|b [main] -- Finished creating instance of bean 'org.springframework.context.annotation.internalConfigurationAnnotationProcessor'
2016-07-21 17:24:33.196|a [main] org.springframework.beans.factory.support.DefaultListableBeanFactory
2016-07-21 17:24:33.196|b [main] -- Creating shared instance of singleton bean 'propertyConfigurer'
2016-07-21 17:24:33.197|a [main] org.springframework.beans.factory.support.DefaultListableBeanFactory
2016-07-21 17:24:33.197|b [main] -- Creating instance of bean 'propertyConfigurer'
2016-07-21 17:24:33.201|a [main] org.springframework.beans.factory.support.DefaultListableBeanFactory
2016-07-21 17:24:33.201|b [main] -- Eagerly caching bean 'propertyConfigurer' to allow for resolving potential circular references
2016-07-21 17:24:33.292|a [main] org.springframework.beans.factory.support.DefaultListableBeanFactory
2016-07-21 17:24:33.292|b [main] -- Finished creating instance of bean 'propertyConfigurer'
2016-07-21 17:24:33.293|a [main] org.springframework.beans.factory.config.PropertyPlaceholderConfigurer
2016-07-21 17:24:33.293|b [main] -- Loading properties file from file [D:\workIDE\projects\pushcenter\conf\database.properties]
2016-07-21 17:24:33.307|a [main] org.springframework.beans.factory.support.DefaultListableBeanFactory
2016-07-21 17:24:33.307|b [main] -- Creating shared instance of singleton bean 'org.springframework.context.annotation.internalAutowiredAnnotationProcessor'
2016-07-21 17:24:33.308|a [main] org.springframework.beans.factory.support.DefaultListableBeanFactory
2016-07-21 17:24:33.308|b [main] -- Creating instance of bean 'org.springframework.context.annotation.internalAutowiredAnnotationProcessor'
2016-07-21 17:24:33.313|a [main] org.springframework.beans.factory.support.DefaultListableBeanFactory
2016-07-21 17:24:33.313|b [main] -- Eagerly caching bean 'org.springframework.context.annotation.internalAutowiredAnnotationProcessor' to allow for resolving potential circular references
2016-07-21 17:24:33.315|a [main] org.springframework.beans.factory.support.DefaultListableBeanFactory
2016-07-21 17:24:33.315|b [main] -- Finished creating instance of bean 'org.springframework.context.annotation.internalAutowiredAnnotationProcessor'
2016-07-21 17:24:33.316|a [main] org.springframework.beans.factory.support.DefaultListableBeanFactory
2016-07-21 17:24:33.316|b [main] -- Creating shared instance of singleton bean 'org.springframework.context.annotation.internalRequiredAnnotationProcessor'
2016-07-21 17:24:33.316|a [main] org.springframework.beans.factory.support.DefaultListableBeanFactory
2016-07-21 17:24:33.316|b [main] -- Creating instance of bean 'org.springframework.context.annotation.internalRequiredAnnotationProcessor'
2016-07-21 17:24:33.318|a [main] org.springframework.beans.factory.support.DefaultListableBeanFactory
2016-07-21 17:24:33.318|b [main] -- Eagerly caching bean 'org.springframework.context.annotation.internalRequiredAnnotationProcessor' to allow for resolving potential circular references
2016-07-21 17:24:33.319|a [main] org.springframework.beans.factory.support.DefaultListableBeanFactory
2016-07-21 17:24:33.319|b [main] -- Finished creating instance of bean 'org.springframework.context.annotation.internalRequiredAnnotationProcessor'
2016-07-21 17:24:33.320|a [main] org.springframework.beans.factory.support.DefaultListableBeanFactory
2016-07-21 17:24:33.320|b [main] -- Creating shared instance of singleton bean 'org.springframework.context.annotation.internalCommonAnnotationProcessor'
2016-07-21 17:24:33.321|a [main] org.springframework.beans.factory.support.DefaultListableBeanFactory
2016-07-21 17:24:33.321|b [main] -- Creating instance of bean 'org.springframework.context.annotation.internalCommonAnnotationProcessor'
2016-07-21 17:24:33.335|a [main] org.springframework.beans.factory.support.DefaultListableBeanFactory
2016-07-21 17:24:33.335|b [main] -- Eagerly caching bean 'org.springframework.context.annotation.internalCommonAnnotationProcessor' to allow for resolving potential circular references
2016-07-21 17:24:33.336|a [main] org.springframework.beans.factory.support.DefaultListableBeanFactory
2016-07-21 17:24:33.336|b [main] -- Finished creating instance of bean 'org.springframework.context.annotation.internalCommonAnnotationProcessor'
2016-07-21 17:24:33.337|a [main] org.springframework.beans.factory.support.DefaultListableBeanFactory
2016-07-21 17:24:33.337|b [main] -- Creating shared instance of singleton bean 'org.springframework.context.annotation.ConfigurationClassPostProcessor.importAwareProcessor'
2016-07-21 17:24:33.338|a [main] org.springframework.beans.factory.support.DefaultListableBeanFactory
2016-07-21 17:24:33.338|b [main] -- Creating instance of bean 'org.springframework.context.annotation.ConfigurationClassPostProcessor.importAwareProcessor'
2016-07-21 17:24:33.339|a [main] org.springframework.beans.factory.support.DefaultListableBeanFactory
2016-07-21 17:24:33.339|b [main] -- Eagerly caching bean 'org.springframework.context.annotation.ConfigurationClassPostProcessor.importAwareProcessor' to allow for resolving potential circular references
2016-07-21 17:24:33.340|a [main] org.springframework.beans.factory.support.DefaultListableBeanFactory
2016-07-21 17:24:33.340|b [main] -- Finished creating instance of bean 'org.springframework.context.annotation.ConfigurationClassPostProcessor.importAwareProcessor'
2016-07-21 17:24:33.340|a [main] org.springframework.beans.factory.support.DefaultListableBeanFactory
2016-07-21 17:24:33.340|b [main] -- Creating shared instance of singleton bean 'org.springframework.context.annotation.ConfigurationClassPostProcessor.enhancedConfigurationProcessor'
2016-07-21 17:24:33.341|a [main] org.springframework.beans.factory.support.DefaultListableBeanFactory
2016-07-21 17:24:33.341|b [main] -- Creating instance of bean 'org.springframework.context.annotation.ConfigurationClassPostProcessor.enhancedConfigurationProcessor'
2016-07-21 17:24:33.343|a [main] org.springframework.beans.factory.support.DefaultListableBeanFactory
2016-07-21 17:24:33.343|b [main] -- Eagerly caching bean 'org.springframework.context.annotation.ConfigurationClassPostProcessor.enhancedConfigurationProcessor' to allow for resolving potential circular references
2016-07-21 17:24:33.344|a [main] org.springframework.beans.factory.support.DefaultListableBeanFactory
2016-07-21 17:24:33.344|b [main] -- Finished creating instance of bean 'org.springframework.context.annotation.ConfigurationClassPostProcessor.enhancedConfigurationProcessor'
2016-07-21 17:24:33.351|a [main] org.springframework.context.support.FileSystemXmlApplicationContext
2016-07-21 17:24:33.351|b [main] -- Unable to locate MessageSource with name 'messageSource': using default [org.springframework.context.support.DelegatingMessageSource@3e2822]
2016-07-21 17:24:33.357|a [main] org.springframework.context.support.FileSystemXmlApplicationContext
2016-07-21 17:24:33.357|b [main] -- Unable to locate ApplicationEventMulticaster with name 'applicationEventMulticaster': using default [org.springframework.context.event.SimpleApplicationEventMulticaster@1d71006f]
2016-07-21 17:24:33.363|a [main] org.springframework.beans.factory.support.DefaultListableBeanFactory
2016-07-21 17:24:33.363|b [main] -- Pre-instantiating singletons in org.springframework.beans.factory.support.DefaultListableBeanFactory@792bbc74: defining beans [propertyConfigurer,dataSource,transactionManager,sqlSessionFactory,defaultDAO,loadSysCacheService,org.springframework.context.annotation.internalConfigurationAnnotationProcessor,org.springframework.context.annotation.internalAutowiredAnnotationProcessor,org.springframework.context.annotation.internalRequiredAnnotationProcessor,org.springframework.context.annotation.internalCommonAnnotationProcessor,org.springframework.context.event.internalEventListenerProcessor,org.springframework.context.event.internalEventListenerFactory,org.springframework.context.annotation.ConfigurationClassPostProcessor.importAwareProcessor,org.springframework.context.annotation.ConfigurationClassPostProcessor.enhancedConfigurationProcessor]; root of factory hierarchy
2016-07-21 17:24:33.366|a [main] org.springframework.beans.factory.support.DefaultListableBeanFactory
2016-07-21 17:24:33.366|b [main] -- Returning cached instance of singleton bean 'propertyConfigurer'
2016-07-21 17:24:33.368|a [main] org.springframework.beans.factory.support.DefaultListableBeanFactory
2016-07-21 17:24:33.368|b [main] -- Creating shared instance of singleton bean 'dataSource'
2016-07-21 17:24:33.368|a [main] org.springframework.beans.factory.support.DefaultListableBeanFactory
2016-07-21 17:24:33.368|b [main] -- Creating instance of bean 'dataSource'
2016-07-21 17:24:33.423|a [main] org.springframework.beans.factory.support.DefaultListableBeanFactory
2016-07-21 17:24:33.423|b [main] -- Eagerly caching bean 'dataSource' to allow for resolving potential circular references
2016-07-21 17:24:33.503|a [main] org.springframework.beans.factory.support.DefaultListableBeanFactory
2016-07-21 17:24:33.503|b [main] -- Finished creating instance of bean 'dataSource'
2016-07-21 17:24:33.504|a [main] org.springframework.beans.factory.support.DefaultListableBeanFactory
2016-07-21 17:24:33.504|b [main] -- Creating shared instance of singleton bean 'transactionManager'
2016-07-21 17:24:33.505|a [main] org.springframework.beans.factory.support.DefaultListableBeanFactory
2016-07-21 17:24:33.505|b [main] -- Creating instance of bean 'transactionManager'
2016-07-21 17:24:33.537|a [main] org.springframework.beans.factory.support.DefaultListableBeanFactory
2016-07-21 17:24:33.537|b [main] -- Eagerly caching bean 'transactionManager' to allow for resolving potential circular references
2016-07-21 17:24:33.566|a [main] org.springframework.beans.factory.support.DefaultListableBeanFactory
2016-07-21 17:24:33.566|b [main] -- Returning cached instance of singleton bean 'dataSource'
2016-07-21 17:24:33.572|a [main] org.springframework.beans.factory.support.DefaultListableBeanFactory
2016-07-21 17:24:33.572|b [main] -- Invoking afterPropertiesSet() on bean with name 'transactionManager'
2016-07-21 17:24:33.574|a [main] org.springframework.beans.factory.support.DefaultListableBeanFactory
2016-07-21 17:24:33.574|b [main] -- Finished creating instance of bean 'transactionManager'
2016-07-21 17:24:33.575|a [main] org.springframework.beans.factory.support.DefaultListableBeanFactory
2016-07-21 17:24:33.575|b [main] -- Creating shared instance of singleton bean 'sqlSessionFactory'
2016-07-21 17:24:33.577|a [main] org.springframework.beans.factory.support.DefaultListableBeanFactory
2016-07-21 17:24:33.577|b [main] -- Creating instance of bean 'sqlSessionFactory'
2016-07-21 17:24:33.640|a [main] org.apache.ibatis.logging.LogFactory
2016-07-21 17:24:33.640|b [main] -- Logging initialized using 'class org.apache.ibatis.logging.slf4j.Slf4jImpl' adapter.
2016-07-21 17:24:33.669|a [main] org.springframework.beans.factory.support.DefaultListableBeanFactory
2016-07-21 17:24:33.669|b [main] -- Eagerly caching bean 'sqlSessionFactory' to allow for resolving potential circular references
2016-07-21 17:24:33.804|a [main] org.springframework.beans.factory.support.DefaultListableBeanFactory
2016-07-21 17:24:33.804|b [main] -- Returning cached instance of singleton bean 'dataSource'
2016-07-21 17:24:33.807|a [main] org.springframework.beans.factory.support.DefaultListableBeanFactory
2016-07-21 17:24:33.807|b [main] -- Creating instance of bean 'org.apache.ibatis.transaction.managed.ManagedTransactionFactory#61ce23ac'
2016-07-21 17:24:33.866|a [main] org.springframework.beans.factory.support.DefaultListableBeanFactory
2016-07-21 17:24:33.866|b [main] -- Finished creating instance of bean 'org.apache.ibatis.transaction.managed.ManagedTransactionFactory#61ce23ac'
2016-07-21 17:24:33.874|a [main] org.springframework.beans.factory.support.DefaultListableBeanFactory
2016-07-21 17:24:33.874|b [main] -- Invoking afterPropertiesSet() on bean with name 'sqlSessionFactory'
2016-07-21 17:24:33.901|a [main] org.springframework.core.io.support.PathMatchingResourcePatternResolver
2016-07-21 17:24:33.901|b [main] -- Looking for matching resources in jar file [file:/D:/workIDE/projects/pushcenter/lib/BasicPlat-0.1.0.9.jar]
2016-07-21 17:24:33.916|a [main] org.springframework.core.io.support.PathMatchingResourcePatternResolver
2016-07-21 17:24:33.916|b [main] -- Resolved location pattern [classpath*:mybatisConfig/*.mappers.cfg.xml] to resources [URL [jar:file:/D:/workIDE/projects/pushcenter/lib/BasicPlat-0.1.0.9.jar!/mybatisConfig/framework.mappers.cfg.xml]]
2016-07-21 17:24:34.204|a [main] com.spiritdata.framework.ext.mybatis.interceptor.PageInterceptor
2016-07-21 17:24:34.204|b [main] -- asyncTotalCount: {false} 
2016-07-21 17:24:34.436|a [main] com.spiritdata.framework.ext.spring.mybatis.MySqlSessionFactoryBean
2016-07-21 17:24:34.436|b [main] -- Parsed configuration file: 'URL [jar:file:/D:/workIDE/projects/pushcenter/lib/BasicPlat-0.1.0.9.jar!/mybatisConfig/frameworkMybatis.xml]'
2016-07-21 17:24:34.968|a [main] com.spiritdata.framework.ext.spring.mybatis.MySqlSessionFactoryBean
2016-07-21 17:24:34.968|b [main] -- Parsed configuration file: 'URL [jar:file:/D:/workIDE/projects/pushcenter/lib/BasicPlat-0.1.0.9.jar!/mybatisConfig/framework.mappers.cfg.xml]'
2016-07-21 17:24:34.999|a [main] com.spiritdata.framework.ext.mybatis.interceptor.PageInterceptor
2016-07-21 17:24:34.999|b [main] -- dialectClass: {com.spiritdata.framework.core.dao.dialect.MySqlDialect} 
2016-07-21 17:24:34.999|a [main] com.spiritdata.framework.ext.mybatis.interceptor.PageInterceptor
2016-07-21 17:24:34.999|b [main] -- asyncTotalCount: {false} 
2016-07-21 17:24:34.999|a [main] com.spiritdata.framework.ext.spring.mybatis.MySqlSessionFactoryBean
2016-07-21 17:24:34.999|b [main] -- Property 'mapperLocations' was not specified or no matching resources found
2016-07-21 17:24:34.999|a [main] org.springframework.beans.factory.support.DefaultListableBeanFactory
2016-07-21 17:24:34.999|b [main] -- Finished creating instance of bean 'sqlSessionFactory'
2016-07-21 17:24:35.015|a [main] org.springframework.beans.factory.support.DefaultListableBeanFactory
2016-07-21 17:24:35.015|b [main] -- Creating shared instance of singleton bean 'loadSysCacheService'
2016-07-21 17:24:35.015|a [main] org.springframework.beans.factory.support.DefaultListableBeanFactory
2016-07-21 17:24:35.015|b [main] -- Creating instance of bean 'loadSysCacheService'
2016-07-21 17:24:35.015|a [main] org.springframework.beans.factory.support.DefaultListableBeanFactory
2016-07-21 17:24:35.015|b [main] -- Eagerly caching bean 'loadSysCacheService' to allow for resolving potential circular references
2016-07-21 17:24:35.015|a [main] org.springframework.beans.factory.support.DefaultListableBeanFactory
2016-07-21 17:24:35.015|b [main] -- Finished creating instance of bean 'loadSysCacheService'
2016-07-21 17:24:35.015|a [main] org.springframework.beans.factory.support.DefaultListableBeanFactory
2016-07-21 17:24:35.015|b [main] -- Returning cached instance of singleton bean 'org.springframework.context.annotation.internalConfigurationAnnotationProcessor'
2016-07-21 17:24:35.015|a [main] org.springframework.beans.factory.support.DefaultListableBeanFactory
2016-07-21 17:24:35.015|b [main] -- Returning cached instance of singleton bean 'org.springframework.context.annotation.internalAutowiredAnnotationProcessor'
2016-07-21 17:24:35.015|a [main] org.springframework.beans.factory.support.DefaultListableBeanFactory
2016-07-21 17:24:35.015|b [main] -- Returning cached instance of singleton bean 'org.springframework.context.annotation.internalRequiredAnnotationProcessor'
2016-07-21 17:24:35.015|a [main] org.springframework.beans.factory.support.DefaultListableBeanFactory
2016-07-21 17:24:35.015|b [main] -- Returning cached instance of singleton bean 'org.springframework.context.annotation.internalCommonAnnotationProcessor'
2016-07-21 17:24:35.015|a [main] org.springframework.beans.factory.support.DefaultListableBeanFactory
2016-07-21 17:24:35.015|b [main] -- Creating shared instance of singleton bean 'org.springframework.context.event.internalEventListenerProcessor'
2016-07-21 17:24:35.015|a [main] org.springframework.beans.factory.support.DefaultListableBeanFactory
2016-07-21 17:24:35.015|b [main] -- Creating instance of bean 'org.springframework.context.event.internalEventListenerProcessor'
2016-07-21 17:24:35.015|a [main] org.springframework.beans.factory.support.DefaultListableBeanFactory
2016-07-21 17:24:35.015|b [main] -- Eagerly caching bean 'org.springframework.context.event.internalEventListenerProcessor' to allow for resolving potential circular references
2016-07-21 17:24:35.031|a [main] org.springframework.beans.factory.support.DefaultListableBeanFactory
2016-07-21 17:24:35.031|b [main] -- Finished creating instance of bean 'org.springframework.context.event.internalEventListenerProcessor'
2016-07-21 17:24:35.031|a [main] org.springframework.beans.factory.support.DefaultListableBeanFactory
2016-07-21 17:24:35.031|b [main] -- Creating shared instance of singleton bean 'org.springframework.context.event.internalEventListenerFactory'
2016-07-21 17:24:35.031|a [main] org.springframework.beans.factory.support.DefaultListableBeanFactory
2016-07-21 17:24:35.031|b [main] -- Creating instance of bean 'org.springframework.context.event.internalEventListenerFactory'
2016-07-21 17:24:35.031|a [main] org.springframework.beans.factory.support.DefaultListableBeanFactory
2016-07-21 17:24:35.031|b [main] -- Eagerly caching bean 'org.springframework.context.event.internalEventListenerFactory' to allow for resolving potential circular references
2016-07-21 17:24:35.046|a [main] org.springframework.beans.factory.support.DefaultListableBeanFactory
2016-07-21 17:24:35.046|b [main] -- Finished creating instance of bean 'org.springframework.context.event.internalEventListenerFactory'
2016-07-21 17:24:35.046|a [main] org.springframework.beans.factory.support.DefaultListableBeanFactory
2016-07-21 17:24:35.046|b [main] -- Returning cached instance of singleton bean 'org.springframework.context.annotation.ConfigurationClassPostProcessor.importAwareProcessor'
2016-07-21 17:24:35.046|a [main] org.springframework.beans.factory.support.DefaultListableBeanFactory
2016-07-21 17:24:35.046|b [main] -- Returning cached instance of singleton bean 'org.springframework.context.annotation.ConfigurationClassPostProcessor.enhancedConfigurationProcessor'
2016-07-21 17:24:35.046|a [main] org.springframework.beans.factory.support.DefaultListableBeanFactory
2016-07-21 17:24:35.046|b [main] -- Returning cached instance of singleton bean 'org.springframework.context.event.internalEventListenerFactory'
2016-07-21 17:24:35.220|a [main] org.springframework.context.support.FileSystemXmlApplicationContext
2016-07-21 17:24:35.220|b [main] -- Unable to locate LifecycleProcessor with name 'lifecycleProcessor': using default [org.springframework.context.support.DefaultLifecycleProcessor@5e76a2bb]
2016-07-21 17:24:35.223|a [main] org.springframework.beans.factory.support.DefaultListableBeanFactory
2016-07-21 17:24:35.223|b [main] -- Returning cached instance of singleton bean 'lifecycleProcessor'
2016-07-21 17:24:35.236|a [main] org.springframework.beans.factory.support.DefaultListableBeanFactory
2016-07-21 17:24:35.236|b [main] -- Returning cached instance of singleton bean 'sqlSessionFactory'
2016-07-21 17:24:35.239|a [main] org.springframework.core.env.PropertySourcesPropertyResolver
2016-07-21 17:24:35.239|b [main] -- Searching for key 'spring.liveBeansView.mbeanDomain' in [systemProperties]
2016-07-21 17:24:35.241|a [main] org.springframework.core.env.PropertySourcesPropertyResolver
2016-07-21 17:24:35.241|b [main] -- Searching for key 'spring.liveBeansView.mbeanDomain' in [systemEnvironment]
2016-07-21 17:24:35.242|a [main] org.springframework.core.env.PropertySourcesPropertyResolver
2016-07-21 17:24:35.242|b [main] -- Could not find key 'spring.liveBeansView.mbeanDomain' in any property source. Returning [null]
2016-07-21 17:24:37.878|a [main] com.woting.push.ServerListener
2016-07-21 17:24:37.878|b [main] -- 加载Spring配置，用时[10213]毫秒
2016-07-21 17:24:38.200|a [main] com.woting.push.ServerListener
2016-07-21 17:24:38.200|b [main] -- 环境加载结束，共用时[10969]毫秒
2016-07-21 17:24:38.898|a [main] com.woting.push.ServerListener
2016-07-21 17:24:38.898|b [main] -- 二、系统数据加载
2016-07-21 17:24:44.468|a [main] org.springframework.beans.factory.support.DefaultListableBeanFactory
2016-07-21 17:24:44.468|b [main] -- Returning cached instance of singleton bean 'loadSysCacheService'
2016-07-21 17:24:44.958|a [main] com.woting.push.ServerListener
2016-07-21 17:24:44.958|b [main] -- 加载系统缓存数据，用时[982]毫秒
2016-07-21 17:24:45.166|a [main] com.woting.push.ServerListener
2016-07-21 17:24:45.166|b [main] -- 系统数据加载结束，共用时[1965]毫秒
2016-07-21 17:24:47.388|a [main] com.woting.push.ServerListener
2016-07-21 17:24:47.388|b [main] -- Push服务环境加载成功，共用时[20157]毫秒
